2023-10-16 06:27:47 /iclock/cdata?SN=BWNF231460126&options=all&language=73&pushver=2.4.1&PushOptionsFlag=1

2023-10-16 06:27:48 /iclock/cdata?SN=BWNF231460126&table=options

2023-10-16 06:27:49 /iclock/cdata?SN=BWNF231460126&table=OPERLOG&OpStamp=9999

2023-10-16 06:28:14 /iclock/cdata?SN=BWNF231460126&table=ATTLOG&Stamp=9999

2023-10-16 06:28:14 /iclock/cdata?SN=BWNF231460126&table=ATTLOG&Stamp=9999

2023-10-16 06:28:19 /iclock/cdata?SN=BWNF231460126&table=ATTLOG&Stamp=9999

2023-10-16 06:28:19 /iclock/cdata?SN=BWNF231460126&table=ATTLOG&Stamp=9999

2023-10-16 06:28:25 /iclock/cdata?SN=BWNF231460126&table=ATTLOG&Stamp=9999

2023-10-16 06:28:25 /iclock/cdata?SN=BWNF231460126&table=ATTLOG&Stamp=9999

2023-10-16 06:28:30 /iclock/cdata?SN=BWNF231460126&table=ATTLOG&Stamp=9999

2023-10-16 06:28:30 /iclock/cdata?SN=BWNF231460126&table=ATTLOG&Stamp=9999

2023-10-16 06:28:35 /iclock/cdata?SN=BWNF231460126&table=ATTLOG&Stamp=9999

2023-10-16 06:28:35 /iclock/cdata?SN=BWNF231460126&table=ATTLOG&Stamp=9999

2023-10-16 06:28:40 /iclock/cdata?SN=BWNF231460126&table=ATTLOG&Stamp=9999

2023-10-16 06:28:40 /iclock/cdata?SN=BWNF231460126&table=ATTLOG&Stamp=9999

2023-10-16 06:28:45 /iclock/cdata?SN=BWNF231460126&table=ATTLOG&Stamp=9999

2023-10-16 06:28:45 /iclock/cdata?SN=BWNF231460126&table=ATTLOG&Stamp=9999

2023-10-16 06:28:51 /iclock/cdata?SN=BWNF231460126&table=ATTLOG&Stamp=9999

2023-10-16 06:28:51 /iclock/cdata?SN=BWNF231460126&table=ATTLOG&Stamp=9999

2023-10-16 06:28:56 /iclock/cdata?SN=BWNF231460126&table=ATTLOG&Stamp=9999

2023-10-16 06:28:56 /iclock/cdata?SN=BWNF231460126&table=ATTLOG&Stamp=9999

2023-10-16 06:29:01 /iclock/cdata?SN=BWNF231460126&table=ATTLOG&Stamp=9999

2023-10-16 06:29:01 /iclock/cdata?SN=BWNF231460126&table=ATTLOG&Stamp=9999

2023-10-16 06:29:06 /iclock/cdata?SN=BWNF231460126&table=ATTLOG&Stamp=9999

2023-10-16 06:29:06 /iclock/cdata?SN=BWNF231460126&table=ATTLOG&Stamp=9999

2023-10-16 06:29:11 /iclock/cdata?SN=BWNF231460126&table=ATTLOG&Stamp=9999

2023-10-16 06:29:11 /iclock/cdata?SN=BWNF231460126&table=ATTLOG&Stamp=9999

2023-10-16 06:29:16 /iclock/cdata?SN=BWNF231460126&table=ATTLOG&Stamp=9999

2023-10-16 06:29:16 /iclock/cdata?SN=BWNF231460126&table=ATTLOG&Stamp=9999

2023-10-16 06:29:22 /iclock/cdata?SN=BWNF231460126&table=ATTLOG&Stamp=9999

2023-10-16 06:29:22 /iclock/cdata?SN=BWNF231460126&table=ATTLOG&Stamp=9999

2023-10-16 06:29:27 /iclock/cdata?SN=BWNF231460126&table=ATTLOG&Stamp=9999

2023-10-16 06:29:27 /iclock/cdata?SN=BWNF231460126&table=ATTLOG&Stamp=9999

2023-10-16 06:29:32 /iclock/cdata?SN=BWNF231460126&table=ATTLOG&Stamp=9999

2023-10-16 06:29:32 /iclock/cdata?SN=BWNF231460126&table=ATTLOG&Stamp=9999

2023-10-16 06:29:37 /iclock/cdata?SN=BWNF231460126&table=ATTLOG&Stamp=9999

2023-10-16 06:29:37 /iclock/cdata?SN=BWNF231460126&table=ATTLOG&Stamp=9999

2023-10-16 06:29:42 /iclock/cdata?SN=BWNF231460126&table=ATTLOG&Stamp=9999

2023-10-16 06:29:42 /iclock/cdata?SN=BWNF231460126&table=ATTLOG&Stamp=9999

2023-10-16 06:29:48 /iclock/cdata?SN=BWNF231460126&table=ATTLOG&Stamp=9999

2023-10-16 06:29:48 /iclock/cdata?SN=BWNF231460126&table=ATTLOG&Stamp=9999

2023-10-16 06:29:53 /iclock/cdata?SN=BWNF231460126&table=ATTLOG&Stamp=9999

2023-10-16 06:29:53 /iclock/cdata?SN=BWNF231460126&table=ATTLOG&Stamp=9999

2023-10-16 06:29:58 /iclock/cdata?SN=BWNF231460126&table=ATTLOG&Stamp=9999

2023-10-16 06:29:58 /iclock/cdata?SN=BWNF231460126&table=ATTLOG&Stamp=9999

2023-10-16 06:30:03 /iclock/cdata?SN=BWNF231460126&table=ATTLOG&Stamp=9999

2023-10-16 06:30:03 /iclock/cdata?SN=BWNF231460126&table=ATTLOG&Stamp=9999

2023-10-16 06:30:08 /iclock/cdata?SN=BWNF231460126&table=ATTLOG&Stamp=9999

2023-10-16 06:30:08 /iclock/cdata?SN=BWNF231460126&table=ATTLOG&Stamp=9999

2023-10-16 06:30:14 /iclock/cdata?SN=BWNF231460126&table=ATTLOG&Stamp=9999

2023-10-16 06:30:14 /iclock/cdata?SN=BWNF231460126&table=ATTLOG&Stamp=9999

2023-10-16 06:30:19 /iclock/cdata?SN=BWNF231460126&table=ATTLOG&Stamp=9999

2023-10-16 06:30:19 /iclock/cdata?SN=BWNF231460126&table=ATTLOG&Stamp=9999

2023-10-16 06:30:24 /iclock/cdata?SN=BWNF231460126&table=ATTLOG&Stamp=9999

2023-10-16 06:30:24 /iclock/cdata?SN=BWNF231460126&table=ATTLOG&Stamp=9999

2023-10-16 06:30:29 /iclock/cdata?SN=BWNF231460126&table=ATTLOG&Stamp=9999

2023-10-16 06:30:29 /iclock/cdata?SN=BWNF231460126&table=ATTLOG&Stamp=9999

2023-10-16 06:30:34 /iclock/cdata?SN=BWNF231460126&table=ATTLOG&Stamp=9999

2023-10-16 06:30:34 /iclock/cdata?SN=BWNF231460126&table=ATTLOG&Stamp=9999

2023-10-16 06:30:39 /iclock/cdata?SN=BWNF231460126&table=ATTLOG&Stamp=9999

2023-10-16 06:30:39 /iclock/cdata?SN=BWNF231460126&table=ATTLOG&Stamp=9999

2023-10-16 06:30:45 /iclock/cdata?SN=BWNF231460126&table=ATTLOG&Stamp=9999

2023-10-16 06:30:45 /iclock/cdata?SN=BWNF231460126&table=ATTLOG&Stamp=9999

2023-10-16 06:30:50 /iclock/cdata?SN=BWNF231460126&table=ATTLOG&Stamp=9999

2023-10-16 06:30:50 /iclock/cdata?SN=BWNF231460126&table=ATTLOG&Stamp=9999

2023-10-16 06:30:55 /iclock/cdata?SN=BWNF231460126&table=ATTLOG&Stamp=9999

2023-10-16 06:30:55 /iclock/cdata?SN=BWNF231460126&table=ATTLOG&Stamp=9999

2023-10-16 06:31:00 /iclock/cdata?SN=BWNF231460126&table=ATTLOG&Stamp=9999

2023-10-16 06:31:00 /iclock/cdata?SN=BWNF231460126&table=ATTLOG&Stamp=9999

2023-10-16 06:31:05 /iclock/cdata?SN=BWNF231460126&table=ATTLOG&Stamp=9999

2023-10-16 06:31:05 /iclock/cdata?SN=BWNF231460126&table=ATTLOG&Stamp=9999

2023-10-16 06:31:10 /iclock/cdata?SN=BWNF231460126&table=ATTLOG&Stamp=9999

2023-10-16 06:31:10 /iclock/cdata?SN=BWNF231460126&table=ATTLOG&Stamp=9999

2023-10-16 06:31:16 /iclock/cdata?SN=BWNF231460126&table=ATTLOG&Stamp=9999

2023-10-16 06:31:16 /iclock/cdata?SN=BWNF231460126&table=ATTLOG&Stamp=9999

2023-10-16 06:31:21 /iclock/cdata?SN=BWNF231460126&table=ATTLOG&Stamp=9999

2023-10-16 06:31:21 /iclock/cdata?SN=BWNF231460126&table=ATTLOG&Stamp=9999

2023-10-16 06:31:26 /iclock/cdata?SN=BWNF231460126&table=ATTLOG&Stamp=9999

2023-10-16 06:31:26 /iclock/cdata?SN=BWNF231460126&table=ATTLOG&Stamp=9999

2023-10-16 06:31:31 /iclock/cdata?SN=BWNF231460126&table=ATTLOG&Stamp=9999

2023-10-16 06:31:31 /iclock/cdata?SN=BWNF231460126&table=ATTLOG&Stamp=9999

2023-10-16 06:31:36 /iclock/cdata?SN=BWNF231460126&table=ATTLOG&Stamp=9999

2023-10-16 06:31:36 /iclock/cdata?SN=BWNF231460126&table=ATTLOG&Stamp=9999

2023-10-16 06:31:42 /iclock/cdata?SN=BWNF231460126&table=ATTLOG&Stamp=9999

2023-10-16 06:31:42 /iclock/cdata?SN=BWNF231460126&table=ATTLOG&Stamp=9999

2023-10-16 06:31:47 /iclock/cdata?SN=BWNF231460126&table=ATTLOG&Stamp=9999

2023-10-16 06:31:47 /iclock/cdata?SN=BWNF231460126&table=ATTLOG&Stamp=9999

2023-10-16 06:31:52 /iclock/cdata?SN=BWNF231460126&table=ATTLOG&Stamp=9999

2023-10-16 06:31:52 /iclock/cdata?SN=BWNF231460126&table=ATTLOG&Stamp=9999

2023-10-16 06:31:57 /iclock/cdata?SN=BWNF231460126&table=ATTLOG&Stamp=9999

2023-10-16 06:31:57 /iclock/cdata?SN=BWNF231460126&table=ATTLOG&Stamp=9999

2023-10-16 06:32:02 /iclock/cdata?SN=BWNF231460126&table=ATTLOG&Stamp=9999

2023-10-16 06:32:02 /iclock/cdata?SN=BWNF231460126&table=ATTLOG&Stamp=9999

2023-10-16 06:32:08 /iclock/cdata?SN=BWNF231460126&table=ATTLOG&Stamp=9999

2023-10-16 06:32:08 /iclock/cdata?SN=BWNF231460126&table=ATTLOG&Stamp=9999

2023-10-16 06:32:13 /iclock/cdata?SN=BWNF231460126&table=ATTLOG&Stamp=9999

2023-10-16 06:32:13 /iclock/cdata?SN=BWNF231460126&table=ATTLOG&Stamp=9999

2023-10-16 06:32:18 /iclock/cdata?SN=BWNF231460126&table=ATTLOG&Stamp=9999

2023-10-16 06:32:18 /iclock/cdata?SN=BWNF231460126&table=ATTLOG&Stamp=9999

2023-10-16 06:32:23 /iclock/cdata?SN=BWNF231460126&table=ATTLOG&Stamp=9999

2023-10-16 06:32:23 /iclock/cdata?SN=BWNF231460126&table=ATTLOG&Stamp=9999

2023-10-16 06:32:28 /iclock/cdata?SN=BWNF231460126&table=ATTLOG&Stamp=9999

2023-10-16 06:32:28 /iclock/cdata?SN=BWNF231460126&table=ATTLOG&Stamp=9999

2023-10-16 06:32:33 /iclock/cdata?SN=BWNF231460126&table=ATTLOG&Stamp=9999

2023-10-16 06:32:33 /iclock/cdata?SN=BWNF231460126&table=ATTLOG&Stamp=9999

2023-10-16 06:32:39 /iclock/cdata?SN=BWNF231460126&table=ATTLOG&Stamp=9999

2023-10-16 06:32:39 /iclock/cdata?SN=BWNF231460126&table=ATTLOG&Stamp=9999

2023-10-16 06:32:44 /iclock/cdata?SN=BWNF231460126&table=ATTLOG&Stamp=9999

2023-10-16 06:32:44 /iclock/cdata?SN=BWNF231460126&table=ATTLOG&Stamp=9999

2023-10-16 06:32:49 /iclock/cdata?SN=BWNF231460126&table=ATTLOG&Stamp=9999

2023-10-16 06:32:49 /iclock/cdata?SN=BWNF231460126&table=ATTLOG&Stamp=9999

2023-10-16 06:32:54 /iclock/cdata?SN=BWNF231460126&table=ATTLOG&Stamp=9999

2023-10-16 06:32:54 /iclock/cdata?SN=BWNF231460126&table=ATTLOG&Stamp=9999

2023-10-16 06:32:59 /iclock/cdata?SN=BWNF231460126&table=ATTLOG&Stamp=9999

2023-10-16 06:32:59 /iclock/cdata?SN=BWNF231460126&table=ATTLOG&Stamp=9999

2023-10-16 06:33:04 /iclock/cdata?SN=BWNF231460126&table=ATTLOG&Stamp=9999

2023-10-16 06:33:04 /iclock/cdata?SN=BWNF231460126&table=ATTLOG&Stamp=9999

2023-10-16 06:33:10 /iclock/cdata?SN=BWNF231460126&table=ATTLOG&Stamp=9999

2023-10-16 06:33:11 /iclock/cdata?SN=BWNF231460126&table=OPERLOG&OpStamp=9999

2023-10-16 06:33:12 /iclock/cdata?SN=BWNF231460126&table=ATTLOG&Stamp=9999

2023-10-16 06:33:13 /iclock/cdata?SN=BWNF231460126&table=OPERLOG&OpStamp=9999

2023-10-16 06:33:14 /iclock/cdata?SN=BWNF231460126&table=ATTLOG&Stamp=9999

2023-10-16 06:33:15 /iclock/cdata?SN=BWNF231460126&table=OPERLOG&OpStamp=9999

2023-10-16 06:33:17 /iclock/cdata?SN=BWNF231460126&table=ATTLOG&Stamp=9999

2023-10-16 06:33:18 /iclock/cdata?SN=BWNF231460126&table=OPERLOG&OpStamp=9999

2023-10-16 06:33:43 /iclock/cdata?SN=BWNF231460126&options=all&language=73&pushver=2.4.1&PushOptionsFlag=1

2023-10-16 06:33:44 /iclock/cdata?SN=BWNF231460126&table=options

2023-10-16 06:33:48 /iclock/cdata?SN=BWNF231460126&table=OPERLOG&OpStamp=9999

2023-10-16 06:34:18 /iclock/cdata?SN=BWNF231460126&table=ATTLOG&Stamp=9999

2023-10-16 06:34:19 /iclock/cdata?SN=BWNF231460126&table=OPERLOG&OpStamp=9999

2023-10-16 08:01:53 /iclock/cdata?SN=BWNF231460126&table=ATTLOG&Stamp=9999

2023-10-16 08:01:54 /iclock/cdata?SN=BWNF231460126&table=OPERLOG&OpStamp=9999

2023-10-16 08:02:09 /iclock/cdata?SN=BWNF231460126&table=ATTLOG&Stamp=9999

2023-10-16 08:02:10 /iclock/cdata?SN=BWNF231460126&table=OPERLOG&OpStamp=9999

2023-10-17 02:03:26 /iclock/cdata?SN=BWNF231460126&options=all&language=73&pushver=2.4.1&PushOptionsFlag=1

2023-10-17 02:03:27 /iclock/cdata?SN=BWNF231460126&table=options

2023-10-17 02:03:28 /iclock/cdata?SN=BWNF231460126&table=OPERLOG&OpStamp=9999

2023-10-17 02:03:48 /iclock/cdata?SN=BWNF231460126&table=ATTLOG&Stamp=9999

2023-10-17 02:03:49 /iclock/cdata?SN=BWNF231460126&table=OPERLOG&OpStamp=9999

2023-10-17 06:18:54 /iclock/cdata?SN=BWNF231460126&options=all&language=73&pushver=2.4.1&PushOptionsFlag=1

2023-10-17 06:19:09 /iclock/cdata?SN=BWNF231460126&options=all&language=73&pushver=2.4.1&PushOptionsFlag=1

2023-10-17 06:19:24 /iclock/cdata?SN=BWNF231460126&options=all&language=73&pushver=2.4.1&PushOptionsFlag=1

2023-10-17 06:19:39 /iclock/cdata?SN=BWNF231460126&options=all&language=73&pushver=2.4.1&PushOptionsFlag=1

2023-10-17 06:19:54 /iclock/cdata?SN=BWNF231460126&options=all&language=73&pushver=2.4.1&PushOptionsFlag=1

2023-10-17 06:20:09 /iclock/cdata?SN=BWNF231460126&options=all&language=73&pushver=2.4.1&PushOptionsFlag=1

2023-10-17 06:20:24 /iclock/cdata?SN=BWNF231460126&options=all&language=73&pushver=2.4.1&PushOptionsFlag=1

2023-10-17 06:20:39 /iclock/cdata?SN=BWNF231460126&options=all&language=73&pushver=2.4.1&PushOptionsFlag=1

2023-10-17 06:20:54 /iclock/cdata?SN=BWNF231460126&options=all&language=73&pushver=2.4.1&PushOptionsFlag=1

2023-10-17 06:21:09 /iclock/cdata?SN=BWNF231460126&options=all&language=73&pushver=2.4.1&PushOptionsFlag=1

2023-10-17 06:21:24 /iclock/cdata?SN=BWNF231460126&options=all&language=73&pushver=2.4.1&PushOptionsFlag=1

2023-10-17 06:21:39 /iclock/cdata?SN=BWNF231460126&options=all&language=73&pushver=2.4.1&PushOptionsFlag=1

2023-10-17 06:21:54 /iclock/cdata?SN=BWNF231460126&options=all&language=73&pushver=2.4.1&PushOptionsFlag=1

2023-10-17 06:22:09 /iclock/cdata?SN=BWNF231460126&options=all&language=73&pushver=2.4.1&PushOptionsFlag=1

2023-10-17 06:22:24 /iclock/cdata?SN=BWNF231460126&options=all&language=73&pushver=2.4.1&PushOptionsFlag=1

2023-10-17 06:22:39 /iclock/cdata?SN=BWNF231460126&options=all&language=73&pushver=2.4.1&PushOptionsFlag=1

2023-10-17 06:22:54 /iclock/cdata?SN=BWNF231460126&options=all&language=73&pushver=2.4.1&PushOptionsFlag=1

2023-10-17 06:23:09 /iclock/cdata?SN=BWNF231460126&options=all&language=73&pushver=2.4.1&PushOptionsFlag=1

2023-10-17 06:23:24 /iclock/cdata?SN=BWNF231460126&options=all&language=73&pushver=2.4.1&PushOptionsFlag=1

2023-10-17 06:23:39 /iclock/cdata?SN=BWNF231460126&options=all&language=73&pushver=2.4.1&PushOptionsFlag=1

2023-10-17 06:23:54 /iclock/cdata?SN=BWNF231460126&options=all&language=73&pushver=2.4.1&PushOptionsFlag=1

2023-10-17 06:24:09 /iclock/cdata?SN=BWNF231460126&options=all&language=73&pushver=2.4.1&PushOptionsFlag=1

2023-10-17 06:24:24 /iclock/cdata?SN=BWNF231460126&options=all&language=73&pushver=2.4.1&PushOptionsFlag=1

2023-10-17 06:24:39 /iclock/cdata?SN=BWNF231460126&options=all&language=73&pushver=2.4.1&PushOptionsFlag=1

2023-10-17 06:24:54 /iclock/cdata?SN=BWNF231460126&options=all&language=73&pushver=2.4.1&PushOptionsFlag=1

2023-10-17 06:25:09 /iclock/cdata?SN=BWNF231460126&options=all&language=73&pushver=2.4.1&PushOptionsFlag=1

2023-10-17 06:25:24 /iclock/cdata?SN=BWNF231460126&options=all&language=73&pushver=2.4.1&PushOptionsFlag=1

2023-10-17 06:25:39 /iclock/cdata?SN=BWNF231460126&options=all&language=73&pushver=2.4.1&PushOptionsFlag=1

2023-10-17 06:25:54 /iclock/cdata?SN=BWNF231460126&options=all&language=73&pushver=2.4.1&PushOptionsFlag=1

2023-10-17 06:26:09 /iclock/cdata?SN=BWNF231460126&options=all&language=73&pushver=2.4.1&PushOptionsFlag=1

2023-10-17 06:26:24 /iclock/cdata?SN=BWNF231460126&options=all&language=73&pushver=2.4.1&PushOptionsFlag=1

2023-10-17 06:26:39 /iclock/cdata?SN=BWNF231460126&options=all&language=73&pushver=2.4.1&PushOptionsFlag=1

2023-10-17 06:26:54 /iclock/cdata?SN=BWNF231460126&options=all&language=73&pushver=2.4.1&PushOptionsFlag=1

2023-10-17 06:27:09 /iclock/cdata?SN=BWNF231460126&options=all&language=73&pushver=2.4.1&PushOptionsFlag=1

2023-10-17 06:27:24 /iclock/cdata?SN=BWNF231460126&options=all&language=73&pushver=2.4.1&PushOptionsFlag=1

2023-10-17 06:27:39 /iclock/cdata?SN=BWNF231460126&options=all&language=73&pushver=2.4.1&PushOptionsFlag=1

2023-10-17 06:27:54 /iclock/cdata?SN=BWNF231460126&options=all&language=73&pushver=2.4.1&PushOptionsFlag=1

2023-10-17 06:28:09 /iclock/cdata?SN=BWNF231460126&options=all&language=73&pushver=2.4.1&PushOptionsFlag=1

2023-10-17 06:28:24 /iclock/cdata?SN=BWNF231460126&options=all&language=73&pushver=2.4.1&PushOptionsFlag=1

2023-10-17 06:28:39 /iclock/cdata?SN=BWNF231460126&options=all&language=73&pushver=2.4.1&PushOptionsFlag=1

2023-10-17 06:28:54 /iclock/cdata?SN=BWNF231460126&options=all&language=73&pushver=2.4.1&PushOptionsFlag=1

2023-10-17 06:29:09 /iclock/cdata?SN=BWNF231460126&options=all&language=73&pushver=2.4.1&PushOptionsFlag=1

2023-10-17 06:29:24 /iclock/cdata?SN=BWNF231460126&options=all&language=73&pushver=2.4.1&PushOptionsFlag=1

2023-10-17 06:29:39 /iclock/cdata?SN=BWNF231460126&options=all&language=73&pushver=2.4.1&PushOptionsFlag=1

2023-10-17 06:29:54 /iclock/cdata?SN=BWNF231460126&options=all&language=73&pushver=2.4.1&PushOptionsFlag=1

2023-10-17 06:30:09 /iclock/cdata?SN=BWNF231460126&options=all&language=73&pushver=2.4.1&PushOptionsFlag=1

2023-10-17 06:30:24 /iclock/cdata?SN=BWNF231460126&options=all&language=73&pushver=2.4.1&PushOptionsFlag=1

2023-10-17 06:30:39 /iclock/cdata?SN=BWNF231460126&options=all&language=73&pushver=2.4.1&PushOptionsFlag=1

2023-10-17 06:30:54 /iclock/cdata?SN=BWNF231460126&options=all&language=73&pushver=2.4.1&PushOptionsFlag=1

2023-10-17 06:31:09 /iclock/cdata?SN=BWNF231460126&options=all&language=73&pushver=2.4.1&PushOptionsFlag=1

2023-10-17 06:31:24 /iclock/cdata?SN=BWNF231460126&options=all&language=73&pushver=2.4.1&PushOptionsFlag=1

2023-10-17 06:31:39 /iclock/cdata?SN=BWNF231460126&options=all&language=73&pushver=2.4.1&PushOptionsFlag=1

2023-10-17 06:31:54 /iclock/cdata?SN=BWNF231460126&options=all&language=73&pushver=2.4.1&PushOptionsFlag=1

2023-10-17 06:32:09 /iclock/cdata?SN=BWNF231460126&options=all&language=73&pushver=2.4.1&PushOptionsFlag=1

2023-10-17 06:32:24 /iclock/cdata?SN=BWNF231460126&options=all&language=73&pushver=2.4.1&PushOptionsFlag=1

2023-10-17 06:32:39 /iclock/cdata?SN=BWNF231460126&options=all&language=73&pushver=2.4.1&PushOptionsFlag=1

2023-10-17 06:32:54 /iclock/cdata?SN=BWNF231460126&options=all&language=73&pushver=2.4.1&PushOptionsFlag=1

2023-10-17 06:33:09 /iclock/cdata?SN=BWNF231460126&options=all&language=73&pushver=2.4.1&PushOptionsFlag=1

2023-10-17 06:33:24 /iclock/cdata?SN=BWNF231460126&options=all&language=73&pushver=2.4.1&PushOptionsFlag=1

2023-10-17 06:33:39 /iclock/cdata?SN=BWNF231460126&options=all&language=73&pushver=2.4.1&PushOptionsFlag=1

2023-10-17 06:33:54 /iclock/cdata?SN=BWNF231460126&options=all&language=73&pushver=2.4.1&PushOptionsFlag=1

2023-10-17 06:34:09 /iclock/cdata?SN=BWNF231460126&options=all&language=73&pushver=2.4.1&PushOptionsFlag=1

2023-10-17 06:34:24 /iclock/cdata?SN=BWNF231460126&options=all&language=73&pushver=2.4.1&PushOptionsFlag=1

2023-10-17 06:34:39 /iclock/cdata?SN=BWNF231460126&options=all&language=73&pushver=2.4.1&PushOptionsFlag=1

2023-10-17 06:34:54 /iclock/cdata?SN=BWNF231460126&options=all&language=73&pushver=2.4.1&PushOptionsFlag=1

2023-10-17 06:35:09 /iclock/cdata?SN=BWNF231460126&options=all&language=73&pushver=2.4.1&PushOptionsFlag=1

2023-10-17 06:35:24 /iclock/cdata?SN=BWNF231460126&options=all&language=73&pushver=2.4.1&PushOptionsFlag=1

2023-10-17 06:35:39 /iclock/cdata?SN=BWNF231460126&options=all&language=73&pushver=2.4.1&PushOptionsFlag=1

2023-10-17 06:35:54 /iclock/cdata?SN=BWNF231460126&options=all&language=73&pushver=2.4.1&PushOptionsFlag=1

2023-10-17 06:36:09 /iclock/cdata?SN=BWNF231460126&options=all&language=73&pushver=2.4.1&PushOptionsFlag=1

2023-10-17 06:36:24 /iclock/cdata?SN=BWNF231460126&options=all&language=73&pushver=2.4.1&PushOptionsFlag=1

2023-10-17 06:36:39 /iclock/cdata?SN=BWNF231460126&options=all&language=73&pushver=2.4.1&PushOptionsFlag=1

2023-10-17 06:36:54 /iclock/cdata?SN=BWNF231460126&options=all&language=73&pushver=2.4.1&PushOptionsFlag=1

2023-10-17 06:37:09 /iclock/cdata?SN=BWNF231460126&options=all&language=73&pushver=2.4.1&PushOptionsFlag=1

2023-10-17 06:37:24 /iclock/cdata?SN=BWNF231460126&options=all&language=73&pushver=2.4.1&PushOptionsFlag=1

2023-10-17 06:37:39 /iclock/cdata?SN=BWNF231460126&options=all&language=73&pushver=2.4.1&PushOptionsFlag=1

2023-10-17 06:37:54 /iclock/cdata?SN=BWNF231460126&options=all&language=73&pushver=2.4.1&PushOptionsFlag=1

2023-10-17 06:38:09 /iclock/cdata?SN=BWNF231460126&options=all&language=73&pushver=2.4.1&PushOptionsFlag=1

2023-10-17 06:38:24 /iclock/cdata?SN=BWNF231460126&options=all&language=73&pushver=2.4.1&PushOptionsFlag=1

2023-10-17 06:38:39 /iclock/cdata?SN=BWNF231460126&options=all&language=73&pushver=2.4.1&PushOptionsFlag=1

2023-10-17 06:38:54 /iclock/cdata?SN=BWNF231460126&options=all&language=73&pushver=2.4.1&PushOptionsFlag=1

2023-10-17 06:39:09 /iclock/cdata?SN=BWNF231460126&options=all&language=73&pushver=2.4.1&PushOptionsFlag=1

2023-10-17 06:39:24 /iclock/cdata?SN=BWNF231460126&options=all&language=73&pushver=2.4.1&PushOptionsFlag=1

2023-10-17 06:39:39 /iclock/cdata?SN=BWNF231460126&options=all&language=73&pushver=2.4.1&PushOptionsFlag=1

2023-10-17 06:39:54 /iclock/cdata?SN=BWNF231460126&options=all&language=73&pushver=2.4.1&PushOptionsFlag=1

2023-10-17 06:40:09 /iclock/cdata?SN=BWNF231460126&options=all&language=73&pushver=2.4.1&PushOptionsFlag=1

2023-10-17 06:40:24 /iclock/cdata?SN=BWNF231460126&options=all&language=73&pushver=2.4.1&PushOptionsFlag=1

2023-10-17 06:40:39 /iclock/cdata?SN=BWNF231460126&options=all&language=73&pushver=2.4.1&PushOptionsFlag=1

2023-10-17 06:40:54 /iclock/cdata?SN=BWNF231460126&options=all&language=73&pushver=2.4.1&PushOptionsFlag=1

2023-10-17 06:41:09 /iclock/cdata?SN=BWNF231460126&options=all&language=73&pushver=2.4.1&PushOptionsFlag=1

2023-10-17 06:41:24 /iclock/cdata?SN=BWNF231460126&options=all&language=73&pushver=2.4.1&PushOptionsFlag=1

2023-10-17 06:41:39 /iclock/cdata?SN=BWNF231460126&options=all&language=73&pushver=2.4.1&PushOptionsFlag=1

2023-10-17 06:41:54 /iclock/cdata?SN=BWNF231460126&options=all&language=73&pushver=2.4.1&PushOptionsFlag=1

2023-10-17 06:42:09 /iclock/cdata?SN=BWNF231460126&options=all&language=73&pushver=2.4.1&PushOptionsFlag=1

2023-10-17 06:42:24 /iclock/cdata?SN=BWNF231460126&options=all&language=73&pushver=2.4.1&PushOptionsFlag=1

2023-10-17 06:42:39 /iclock/cdata?SN=BWNF231460126&options=all&language=73&pushver=2.4.1&PushOptionsFlag=1

2023-10-17 06:42:54 /iclock/cdata?SN=BWNF231460126&options=all&language=73&pushver=2.4.1&PushOptionsFlag=1

2023-10-17 06:43:09 /iclock/cdata?SN=BWNF231460126&options=all&language=73&pushver=2.4.1&PushOptionsFlag=1

2023-10-17 06:43:24 /iclock/cdata?SN=BWNF231460126&options=all&language=73&pushver=2.4.1&PushOptionsFlag=1

2023-10-17 06:43:39 /iclock/cdata?SN=BWNF231460126&options=all&language=73&pushver=2.4.1&PushOptionsFlag=1

2023-10-17 06:43:54 /iclock/cdata?SN=BWNF231460126&options=all&language=73&pushver=2.4.1&PushOptionsFlag=1

2023-10-17 06:44:09 /iclock/cdata?SN=BWNF231460126&options=all&language=73&pushver=2.4.1&PushOptionsFlag=1

2023-10-17 06:44:24 /iclock/cdata?SN=BWNF231460126&options=all&language=73&pushver=2.4.1&PushOptionsFlag=1

2023-10-17 06:44:39 /iclock/cdata?SN=BWNF231460126&options=all&language=73&pushver=2.4.1&PushOptionsFlag=1

2023-10-17 06:44:54 /iclock/cdata?SN=BWNF231460126&options=all&language=73&pushver=2.4.1&PushOptionsFlag=1

2023-10-17 06:45:09 /iclock/cdata?SN=BWNF231460126&options=all&language=73&pushver=2.4.1&PushOptionsFlag=1

2023-10-17 06:45:24 /iclock/cdata?SN=BWNF231460126&options=all&language=73&pushver=2.4.1&PushOptionsFlag=1

2023-10-17 06:45:39 /iclock/cdata?SN=BWNF231460126&options=all&language=73&pushver=2.4.1&PushOptionsFlag=1

2023-10-17 06:45:54 /iclock/cdata?SN=BWNF231460126&options=all&language=73&pushver=2.4.1&PushOptionsFlag=1

2023-10-17 06:46:09 /iclock/cdata?SN=BWNF231460126&options=all&language=73&pushver=2.4.1&PushOptionsFlag=1

2023-10-17 06:46:24 /iclock/cdata?SN=BWNF231460126&options=all&language=73&pushver=2.4.1&PushOptionsFlag=1

2023-10-17 06:46:39 /iclock/cdata?SN=BWNF231460126&options=all&language=73&pushver=2.4.1&PushOptionsFlag=1

2023-10-17 06:46:54 /iclock/cdata?SN=BWNF231460126&options=all&language=73&pushver=2.4.1&PushOptionsFlag=1

2023-10-17 06:47:09 /iclock/cdata?SN=BWNF231460126&options=all&language=73&pushver=2.4.1&PushOptionsFlag=1

2023-10-17 06:47:24 /iclock/cdata?SN=BWNF231460126&options=all&language=73&pushver=2.4.1&PushOptionsFlag=1

2023-10-17 06:47:39 /iclock/cdata?SN=BWNF231460126&options=all&language=73&pushver=2.4.1&PushOptionsFlag=1

2023-10-17 06:47:54 /iclock/cdata?SN=BWNF231460126&options=all&language=73&pushver=2.4.1&PushOptionsFlag=1

2023-10-17 06:48:09 /iclock/cdata?SN=BWNF231460126&options=all&language=73&pushver=2.4.1&PushOptionsFlag=1

2023-10-17 06:48:24 /iclock/cdata?SN=BWNF231460126&options=all&language=73&pushver=2.4.1&PushOptionsFlag=1

2023-10-17 06:48:39 /iclock/cdata?SN=BWNF231460126&options=all&language=73&pushver=2.4.1&PushOptionsFlag=1

2023-10-17 06:48:54 /iclock/cdata?SN=BWNF231460126&options=all&language=73&pushver=2.4.1&PushOptionsFlag=1

2023-10-17 06:49:09 /iclock/cdata?SN=BWNF231460126&options=all&language=73&pushver=2.4.1&PushOptionsFlag=1

2023-10-17 06:49:24 /iclock/cdata?SN=BWNF231460126&options=all&language=73&pushver=2.4.1&PushOptionsFlag=1

2023-10-17 06:49:39 /iclock/cdata?SN=BWNF231460126&options=all&language=73&pushver=2.4.1&PushOptionsFlag=1

2023-10-17 06:49:54 /iclock/cdata?SN=BWNF231460126&options=all&language=73&pushver=2.4.1&PushOptionsFlag=1

2023-10-17 06:50:09 /iclock/cdata?SN=BWNF231460126&options=all&language=73&pushver=2.4.1&PushOptionsFlag=1

2023-10-17 06:50:24 /iclock/cdata?SN=BWNF231460126&options=all&language=73&pushver=2.4.1&PushOptionsFlag=1

2023-10-17 06:50:39 /iclock/cdata?SN=BWNF231460126&options=all&language=73&pushver=2.4.1&PushOptionsFlag=1

2023-10-17 06:50:54 /iclock/cdata?SN=BWNF231460126&options=all&language=73&pushver=2.4.1&PushOptionsFlag=1

2023-10-17 06:51:09 /iclock/cdata?SN=BWNF231460126&options=all&language=73&pushver=2.4.1&PushOptionsFlag=1

2023-10-17 06:51:24 /iclock/cdata?SN=BWNF231460126&options=all&language=73&pushver=2.4.1&PushOptionsFlag=1

2023-10-17 06:51:39 /iclock/cdata?SN=BWNF231460126&options=all&language=73&pushver=2.4.1&PushOptionsFlag=1

2023-10-17 06:51:54 /iclock/cdata?SN=BWNF231460126&options=all&language=73&pushver=2.4.1&PushOptionsFlag=1

2023-10-17 06:52:09 /iclock/cdata?SN=BWNF231460126&options=all&language=73&pushver=2.4.1&PushOptionsFlag=1

2023-10-17 06:52:24 /iclock/cdata?SN=BWNF231460126&options=all&language=73&pushver=2.4.1&PushOptionsFlag=1

2023-10-17 06:52:39 /iclock/cdata?SN=BWNF231460126&options=all&language=73&pushver=2.4.1&PushOptionsFlag=1

2023-10-17 06:52:54 /iclock/cdata?SN=BWNF231460126&options=all&language=73&pushver=2.4.1&PushOptionsFlag=1

2023-10-17 06:53:09 /iclock/cdata?SN=BWNF231460126&options=all&language=73&pushver=2.4.1&PushOptionsFlag=1

2023-10-17 06:53:24 /iclock/cdata?SN=BWNF231460126&options=all&language=73&pushver=2.4.1&PushOptionsFlag=1

2023-10-17 06:53:39 /iclock/cdata?SN=BWNF231460126&options=all&language=73&pushver=2.4.1&PushOptionsFlag=1

2023-10-17 06:53:54 /iclock/cdata?SN=BWNF231460126&options=all&language=73&pushver=2.4.1&PushOptionsFlag=1

2023-10-17 06:54:09 /iclock/cdata?SN=BWNF231460126&options=all&language=73&pushver=2.4.1&PushOptionsFlag=1

2023-10-17 06:54:24 /iclock/cdata?SN=BWNF231460126&options=all&language=73&pushver=2.4.1&PushOptionsFlag=1

2023-10-17 06:54:39 /iclock/cdata?SN=BWNF231460126&options=all&language=73&pushver=2.4.1&PushOptionsFlag=1

2023-10-17 06:54:54 /iclock/cdata?SN=BWNF231460126&options=all&language=73&pushver=2.4.1&PushOptionsFlag=1

2023-10-17 06:55:09 /iclock/cdata?SN=BWNF231460126&options=all&language=73&pushver=2.4.1&PushOptionsFlag=1

2023-10-17 06:55:24 /iclock/cdata?SN=BWNF231460126&options=all&language=73&pushver=2.4.1&PushOptionsFlag=1

2023-10-17 06:55:39 /iclock/cdata?SN=BWNF231460126&options=all&language=73&pushver=2.4.1&PushOptionsFlag=1

2023-10-17 06:55:54 /iclock/cdata?SN=BWNF231460126&options=all&language=73&pushver=2.4.1&PushOptionsFlag=1

2023-10-17 06:56:09 /iclock/cdata?SN=BWNF231460126&options=all&language=73&pushver=2.4.1&PushOptionsFlag=1

2023-10-17 06:56:24 /iclock/cdata?SN=BWNF231460126&options=all&language=73&pushver=2.4.1&PushOptionsFlag=1

2023-10-17 06:56:39 /iclock/cdata?SN=BWNF231460126&options=all&language=73&pushver=2.4.1&PushOptionsFlag=1

2023-10-17 06:56:54 /iclock/cdata?SN=BWNF231460126&options=all&language=73&pushver=2.4.1&PushOptionsFlag=1

2023-10-17 06:57:09 /iclock/cdata?SN=BWNF231460126&options=all&language=73&pushver=2.4.1&PushOptionsFlag=1

2023-10-17 06:57:24 /iclock/cdata?SN=BWNF231460126&options=all&language=73&pushver=2.4.1&PushOptionsFlag=1

2023-10-17 06:57:39 /iclock/cdata?SN=BWNF231460126&options=all&language=73&pushver=2.4.1&PushOptionsFlag=1

2023-10-17 06:57:54 /iclock/cdata?SN=BWNF231460126&options=all&language=73&pushver=2.4.1&PushOptionsFlag=1

2023-10-17 06:58:09 /iclock/cdata?SN=BWNF231460126&options=all&language=73&pushver=2.4.1&PushOptionsFlag=1

2023-10-17 06:58:24 /iclock/cdata?SN=BWNF231460126&options=all&language=73&pushver=2.4.1&PushOptionsFlag=1

2023-10-17 06:58:39 /iclock/cdata?SN=BWNF231460126&options=all&language=73&pushver=2.4.1&PushOptionsFlag=1

2023-10-17 06:58:54 /iclock/cdata?SN=BWNF231460126&options=all&language=73&pushver=2.4.1&PushOptionsFlag=1

2023-10-17 06:59:09 /iclock/cdata?SN=BWNF231460126&options=all&language=73&pushver=2.4.1&PushOptionsFlag=1

2023-10-17 06:59:24 /iclock/cdata?SN=BWNF231460126&options=all&language=73&pushver=2.4.1&PushOptionsFlag=1

2023-10-17 06:59:39 /iclock/cdata?SN=BWNF231460126&options=all&language=73&pushver=2.4.1&PushOptionsFlag=1

2023-10-17 06:59:54 /iclock/cdata?SN=BWNF231460126&options=all&language=73&pushver=2.4.1&PushOptionsFlag=1

2023-10-17 07:00:09 /iclock/cdata?SN=BWNF231460126&options=all&language=73&pushver=2.4.1&PushOptionsFlag=1

2023-10-17 07:00:24 /iclock/cdata?SN=BWNF231460126&options=all&language=73&pushver=2.4.1&PushOptionsFlag=1

2023-10-17 07:00:39 /iclock/cdata?SN=BWNF231460126&options=all&language=73&pushver=2.4.1&PushOptionsFlag=1

2023-10-17 07:00:54 /iclock/cdata?SN=BWNF231460126&options=all&language=73&pushver=2.4.1&PushOptionsFlag=1

2023-10-17 07:01:09 /iclock/cdata?SN=BWNF231460126&options=all&language=73&pushver=2.4.1&PushOptionsFlag=1

2023-10-17 07:01:24 /iclock/cdata?SN=BWNF231460126&options=all&language=73&pushver=2.4.1&PushOptionsFlag=1

2023-10-17 07:01:39 /iclock/cdata?SN=BWNF231460126&options=all&language=73&pushver=2.4.1&PushOptionsFlag=1

2023-10-17 07:01:54 /iclock/cdata?SN=BWNF231460126&options=all&language=73&pushver=2.4.1&PushOptionsFlag=1

2023-10-17 07:02:09 /iclock/cdata?SN=BWNF231460126&options=all&language=73&pushver=2.4.1&PushOptionsFlag=1

2023-10-17 07:02:24 /iclock/cdata?SN=BWNF231460126&options=all&language=73&pushver=2.4.1&PushOptionsFlag=1

2023-10-17 07:02:39 /iclock/cdata?SN=BWNF231460126&options=all&language=73&pushver=2.4.1&PushOptionsFlag=1

2023-10-17 07:02:54 /iclock/cdata?SN=BWNF231460126&options=all&language=73&pushver=2.4.1&PushOptionsFlag=1

2023-10-17 07:03:09 /iclock/cdata?SN=BWNF231460126&options=all&language=73&pushver=2.4.1&PushOptionsFlag=1

2023-10-17 07:03:24 /iclock/cdata?SN=BWNF231460126&options=all&language=73&pushver=2.4.1&PushOptionsFlag=1

2023-10-17 07:03:39 /iclock/cdata?SN=BWNF231460126&options=all&language=73&pushver=2.4.1&PushOptionsFlag=1

2023-10-17 07:03:54 /iclock/cdata?SN=BWNF231460126&options=all&language=73&pushver=2.4.1&PushOptionsFlag=1

2023-10-17 07:04:09 /iclock/cdata?SN=BWNF231460126&options=all&language=73&pushver=2.4.1&PushOptionsFlag=1

2023-10-17 07:04:24 /iclock/cdata?SN=BWNF231460126&options=all&language=73&pushver=2.4.1&PushOptionsFlag=1

2023-10-17 07:04:39 /iclock/cdata?SN=BWNF231460126&options=all&language=73&pushver=2.4.1&PushOptionsFlag=1

2023-10-17 07:04:54 /iclock/cdata?SN=BWNF231460126&options=all&language=73&pushver=2.4.1&PushOptionsFlag=1

2023-10-17 07:05:09 /iclock/cdata?SN=BWNF231460126&options=all&language=73&pushver=2.4.1&PushOptionsFlag=1

2023-10-17 07:05:24 /iclock/cdata?SN=BWNF231460126&options=all&language=73&pushver=2.4.1&PushOptionsFlag=1

2023-10-17 07:05:39 /iclock/cdata?SN=BWNF231460126&options=all&language=73&pushver=2.4.1&PushOptionsFlag=1

2023-10-17 07:05:54 /iclock/cdata?SN=BWNF231460126&options=all&language=73&pushver=2.4.1&PushOptionsFlag=1

2023-10-17 07:06:09 /iclock/cdata?SN=BWNF231460126&options=all&language=73&pushver=2.4.1&PushOptionsFlag=1

2023-10-17 07:06:24 /iclock/cdata?SN=BWNF231460126&options=all&language=73&pushver=2.4.1&PushOptionsFlag=1

2023-10-17 07:06:39 /iclock/cdata?SN=BWNF231460126&options=all&language=73&pushver=2.4.1&PushOptionsFlag=1

2023-10-17 07:06:54 /iclock/cdata?SN=BWNF231460126&options=all&language=73&pushver=2.4.1&PushOptionsFlag=1

2023-10-17 07:07:09 /iclock/cdata?SN=BWNF231460126&options=all&language=73&pushver=2.4.1&PushOptionsFlag=1

2023-10-17 07:07:24 /iclock/cdata?SN=BWNF231460126&options=all&language=73&pushver=2.4.1&PushOptionsFlag=1

2023-10-17 07:07:39 /iclock/cdata?SN=BWNF231460126&options=all&language=73&pushver=2.4.1&PushOptionsFlag=1

2023-10-17 07:07:54 /iclock/cdata?SN=BWNF231460126&options=all&language=73&pushver=2.4.1&PushOptionsFlag=1

2023-10-17 07:08:09 /iclock/cdata?SN=BWNF231460126&options=all&language=73&pushver=2.4.1&PushOptionsFlag=1

2023-10-17 07:08:24 /iclock/cdata?SN=BWNF231460126&options=all&language=73&pushver=2.4.1&PushOptionsFlag=1

2023-10-17 07:08:39 /iclock/cdata?SN=BWNF231460126&options=all&language=73&pushver=2.4.1&PushOptionsFlag=1

2023-10-17 07:08:54 /iclock/cdata?SN=BWNF231460126&options=all&language=73&pushver=2.4.1&PushOptionsFlag=1

2023-10-17 07:09:09 /iclock/cdata?SN=BWNF231460126&options=all&language=73&pushver=2.4.1&PushOptionsFlag=1

2023-10-17 07:09:24 /iclock/cdata?SN=BWNF231460126&options=all&language=73&pushver=2.4.1&PushOptionsFlag=1

2023-10-17 07:09:39 /iclock/cdata?SN=BWNF231460126&options=all&language=73&pushver=2.4.1&PushOptionsFlag=1

2023-10-17 07:09:54 /iclock/cdata?SN=BWNF231460126&options=all&language=73&pushver=2.4.1&PushOptionsFlag=1

2023-10-17 07:10:09 /iclock/cdata?SN=BWNF231460126&options=all&language=73&pushver=2.4.1&PushOptionsFlag=1

2023-10-17 07:10:24 /iclock/cdata?SN=BWNF231460126&options=all&language=73&pushver=2.4.1&PushOptionsFlag=1

2023-10-17 07:10:39 /iclock/cdata?SN=BWNF231460126&options=all&language=73&pushver=2.4.1&PushOptionsFlag=1

2023-10-17 07:10:54 /iclock/cdata?SN=BWNF231460126&options=all&language=73&pushver=2.4.1&PushOptionsFlag=1

2023-10-17 07:11:09 /iclock/cdata?SN=BWNF231460126&options=all&language=73&pushver=2.4.1&PushOptionsFlag=1

2023-10-17 07:11:24 /iclock/cdata?SN=BWNF231460126&options=all&language=73&pushver=2.4.1&PushOptionsFlag=1

2023-10-17 07:11:39 /iclock/cdata?SN=BWNF231460126&options=all&language=73&pushver=2.4.1&PushOptionsFlag=1

2023-10-17 07:11:54 /iclock/cdata?SN=BWNF231460126&options=all&language=73&pushver=2.4.1&PushOptionsFlag=1

2023-10-17 07:12:09 /iclock/cdata?SN=BWNF231460126&options=all&language=73&pushver=2.4.1&PushOptionsFlag=1

2023-10-17 07:12:24 /iclock/cdata?SN=BWNF231460126&options=all&language=73&pushver=2.4.1&PushOptionsFlag=1

2023-10-17 07:12:39 /iclock/cdata?SN=BWNF231460126&options=all&language=73&pushver=2.4.1&PushOptionsFlag=1

2023-10-17 07:12:54 /iclock/cdata?SN=BWNF231460126&options=all&language=73&pushver=2.4.1&PushOptionsFlag=1

2023-10-17 07:13:09 /iclock/cdata?SN=BWNF231460126&options=all&language=73&pushver=2.4.1&PushOptionsFlag=1

2023-10-17 07:13:24 /iclock/cdata?SN=BWNF231460126&options=all&language=73&pushver=2.4.1&PushOptionsFlag=1

2023-10-17 07:13:39 /iclock/cdata?SN=BWNF231460126&options=all&language=73&pushver=2.4.1&PushOptionsFlag=1

2023-10-17 07:13:54 /iclock/cdata?SN=BWNF231460126&options=all&language=73&pushver=2.4.1&PushOptionsFlag=1

2023-10-17 07:14:09 /iclock/cdata?SN=BWNF231460126&options=all&language=73&pushver=2.4.1&PushOptionsFlag=1

2023-10-17 07:14:24 /iclock/cdata?SN=BWNF231460126&options=all&language=73&pushver=2.4.1&PushOptionsFlag=1

2023-10-17 07:14:39 /iclock/cdata?SN=BWNF231460126&options=all&language=73&pushver=2.4.1&PushOptionsFlag=1

2023-10-17 07:14:54 /iclock/cdata?SN=BWNF231460126&options=all&language=73&pushver=2.4.1&PushOptionsFlag=1

2023-10-17 07:15:09 /iclock/cdata?SN=BWNF231460126&options=all&language=73&pushver=2.4.1&PushOptionsFlag=1

2023-10-17 07:15:24 /iclock/cdata?SN=BWNF231460126&options=all&language=73&pushver=2.4.1&PushOptionsFlag=1

2023-10-17 07:15:39 /iclock/cdata?SN=BWNF231460126&options=all&language=73&pushver=2.4.1&PushOptionsFlag=1

2023-10-17 07:15:54 /iclock/cdata?SN=BWNF231460126&options=all&language=73&pushver=2.4.1&PushOptionsFlag=1

2023-10-17 07:16:09 /iclock/cdata?SN=BWNF231460126&options=all&language=73&pushver=2.4.1&PushOptionsFlag=1

2023-10-17 07:16:24 /iclock/cdata?SN=BWNF231460126&options=all&language=73&pushver=2.4.1&PushOptionsFlag=1

2023-10-17 07:16:39 /iclock/cdata?SN=BWNF231460126&options=all&language=73&pushver=2.4.1&PushOptionsFlag=1

2023-10-17 07:16:54 /iclock/cdata?SN=BWNF231460126&options=all&language=73&pushver=2.4.1&PushOptionsFlag=1

2023-10-17 07:17:09 /iclock/cdata?SN=BWNF231460126&options=all&language=73&pushver=2.4.1&PushOptionsFlag=1

2023-10-17 07:17:24 /iclock/cdata?SN=BWNF231460126&options=all&language=73&pushver=2.4.1&PushOptionsFlag=1

2023-10-17 07:17:39 /iclock/cdata?SN=BWNF231460126&options=all&language=73&pushver=2.4.1&PushOptionsFlag=1

2023-10-17 07:17:54 /iclock/cdata?SN=BWNF231460126&options=all&language=73&pushver=2.4.1&PushOptionsFlag=1

2023-10-17 07:18:09 /iclock/cdata?SN=BWNF231460126&options=all&language=73&pushver=2.4.1&PushOptionsFlag=1

2023-10-17 07:18:24 /iclock/cdata?SN=BWNF231460126&options=all&language=73&pushver=2.4.1&PushOptionsFlag=1

2023-10-17 07:18:39 /iclock/cdata?SN=BWNF231460126&options=all&language=73&pushver=2.4.1&PushOptionsFlag=1

2023-10-17 07:18:54 /iclock/cdata?SN=BWNF231460126&options=all&language=73&pushver=2.4.1&PushOptionsFlag=1

2023-10-17 07:19:09 /iclock/cdata?SN=BWNF231460126&options=all&language=73&pushver=2.4.1&PushOptionsFlag=1

2023-10-17 07:19:24 /iclock/cdata?SN=BWNF231460126&options=all&language=73&pushver=2.4.1&PushOptionsFlag=1

2023-10-17 07:19:39 /iclock/cdata?SN=BWNF231460126&options=all&language=73&pushver=2.4.1&PushOptionsFlag=1

2023-10-17 07:19:54 /iclock/cdata?SN=BWNF231460126&options=all&language=73&pushver=2.4.1&PushOptionsFlag=1

2023-10-17 07:20:09 /iclock/cdata?SN=BWNF231460126&options=all&language=73&pushver=2.4.1&PushOptionsFlag=1

2023-10-17 07:20:24 /iclock/cdata?SN=BWNF231460126&options=all&language=73&pushver=2.4.1&PushOptionsFlag=1

2023-10-17 07:20:39 /iclock/cdata?SN=BWNF231460126&options=all&language=73&pushver=2.4.1&PushOptionsFlag=1

2023-10-17 07:20:54 /iclock/cdata?SN=BWNF231460126&options=all&language=73&pushver=2.4.1&PushOptionsFlag=1

2023-10-17 07:21:09 /iclock/cdata?SN=BWNF231460126&options=all&language=73&pushver=2.4.1&PushOptionsFlag=1

2023-10-17 07:21:24 /iclock/cdata?SN=BWNF231460126&options=all&language=73&pushver=2.4.1&PushOptionsFlag=1

2023-10-17 07:21:39 /iclock/cdata?SN=BWNF231460126&options=all&language=73&pushver=2.4.1&PushOptionsFlag=1

2023-10-17 07:21:54 /iclock/cdata?SN=BWNF231460126&options=all&language=73&pushver=2.4.1&PushOptionsFlag=1

2023-10-17 07:22:09 /iclock/cdata?SN=BWNF231460126&options=all&language=73&pushver=2.4.1&PushOptionsFlag=1

2023-10-17 07:22:24 /iclock/cdata?SN=BWNF231460126&options=all&language=73&pushver=2.4.1&PushOptionsFlag=1

2023-10-17 07:22:39 /iclock/cdata?SN=BWNF231460126&options=all&language=73&pushver=2.4.1&PushOptionsFlag=1

2023-10-17 07:22:54 /iclock/cdata?SN=BWNF231460126&options=all&language=73&pushver=2.4.1&PushOptionsFlag=1

2023-10-17 07:23:09 /iclock/cdata?SN=BWNF231460126&options=all&language=73&pushver=2.4.1&PushOptionsFlag=1

2023-10-17 07:23:24 /iclock/cdata?SN=BWNF231460126&options=all&language=73&pushver=2.4.1&PushOptionsFlag=1

2023-10-17 07:23:39 /iclock/cdata?SN=BWNF231460126&options=all&language=73&pushver=2.4.1&PushOptionsFlag=1

2023-10-17 07:23:54 /iclock/cdata?SN=BWNF231460126&options=all&language=73&pushver=2.4.1&PushOptionsFlag=1

2023-10-17 07:24:09 /iclock/cdata?SN=BWNF231460126&options=all&language=73&pushver=2.4.1&PushOptionsFlag=1

2023-10-17 07:24:24 /iclock/cdata?SN=BWNF231460126&options=all&language=73&pushver=2.4.1&PushOptionsFlag=1

2023-10-17 07:24:39 /iclock/cdata?SN=BWNF231460126&options=all&language=73&pushver=2.4.1&PushOptionsFlag=1

2023-10-17 07:24:54 /iclock/cdata?SN=BWNF231460126&options=all&language=73&pushver=2.4.1&PushOptionsFlag=1

2023-10-17 07:25:09 /iclock/cdata?SN=BWNF231460126&options=all&language=73&pushver=2.4.1&PushOptionsFlag=1

2023-10-17 07:25:24 /iclock/cdata?SN=BWNF231460126&options=all&language=73&pushver=2.4.1&PushOptionsFlag=1

2023-10-17 07:25:39 /iclock/cdata?SN=BWNF231460126&options=all&language=73&pushver=2.4.1&PushOptionsFlag=1

2023-10-17 07:25:54 /iclock/cdata?SN=BWNF231460126&options=all&language=73&pushver=2.4.1&PushOptionsFlag=1

2023-10-17 07:26:09 /iclock/cdata?SN=BWNF231460126&options=all&language=73&pushver=2.4.1&PushOptionsFlag=1

2023-10-17 07:26:24 /iclock/cdata?SN=BWNF231460126&options=all&language=73&pushver=2.4.1&PushOptionsFlag=1

2023-10-17 07:26:39 /iclock/cdata?SN=BWNF231460126&options=all&language=73&pushver=2.4.1&PushOptionsFlag=1

2023-10-17 07:26:54 /iclock/cdata?SN=BWNF231460126&options=all&language=73&pushver=2.4.1&PushOptionsFlag=1

2023-10-17 07:27:09 /iclock/cdata?SN=BWNF231460126&options=all&language=73&pushver=2.4.1&PushOptionsFlag=1

2023-10-17 07:27:24 /iclock/cdata?SN=BWNF231460126&options=all&language=73&pushver=2.4.1&PushOptionsFlag=1

2023-10-17 07:27:39 /iclock/cdata?SN=BWNF231460126&options=all&language=73&pushver=2.4.1&PushOptionsFlag=1

2023-10-17 07:27:54 /iclock/cdata?SN=BWNF231460126&options=all&language=73&pushver=2.4.1&PushOptionsFlag=1

2023-10-17 07:28:09 /iclock/cdata?SN=BWNF231460126&options=all&language=73&pushver=2.4.1&PushOptionsFlag=1

2023-10-17 07:28:24 /iclock/cdata?SN=BWNF231460126&options=all&language=73&pushver=2.4.1&PushOptionsFlag=1

2023-10-17 07:28:39 /iclock/cdata?SN=BWNF231460126&options=all&language=73&pushver=2.4.1&PushOptionsFlag=1

2023-10-17 07:28:54 /iclock/cdata?SN=BWNF231460126&options=all&language=73&pushver=2.4.1&PushOptionsFlag=1

2023-10-17 07:29:09 /iclock/cdata?SN=BWNF231460126&options=all&language=73&pushver=2.4.1&PushOptionsFlag=1

2023-10-17 07:29:24 /iclock/cdata?SN=BWNF231460126&options=all&language=73&pushver=2.4.1&PushOptionsFlag=1

2023-10-17 07:29:39 /iclock/cdata?SN=BWNF231460126&options=all&language=73&pushver=2.4.1&PushOptionsFlag=1

2023-10-17 07:29:54 /iclock/cdata?SN=BWNF231460126&options=all&language=73&pushver=2.4.1&PushOptionsFlag=1

2023-10-17 07:30:09 /iclock/cdata?SN=BWNF231460126&options=all&language=73&pushver=2.4.1&PushOptionsFlag=1

2023-10-17 07:30:24 /iclock/cdata?SN=BWNF231460126&options=all&language=73&pushver=2.4.1&PushOptionsFlag=1

2023-10-17 07:30:39 /iclock/cdata?SN=BWNF231460126&options=all&language=73&pushver=2.4.1&PushOptionsFlag=1

2023-10-17 07:30:54 /iclock/cdata?SN=BWNF231460126&options=all&language=73&pushver=2.4.1&PushOptionsFlag=1

2023-10-17 07:31:09 /iclock/cdata?SN=BWNF231460126&options=all&language=73&pushver=2.4.1&PushOptionsFlag=1

2023-10-17 07:31:24 /iclock/cdata?SN=BWNF231460126&options=all&language=73&pushver=2.4.1&PushOptionsFlag=1

2023-10-17 07:31:39 /iclock/cdata?SN=BWNF231460126&options=all&language=73&pushver=2.4.1&PushOptionsFlag=1

2023-10-17 07:31:54 /iclock/cdata?SN=BWNF231460126&options=all&language=73&pushver=2.4.1&PushOptionsFlag=1

2023-10-17 07:32:09 /iclock/cdata?SN=BWNF231460126&options=all&language=73&pushver=2.4.1&PushOptionsFlag=1

2023-10-17 07:32:24 /iclock/cdata?SN=BWNF231460126&options=all&language=73&pushver=2.4.1&PushOptionsFlag=1

2023-10-17 07:32:39 /iclock/cdata?SN=BWNF231460126&options=all&language=73&pushver=2.4.1&PushOptionsFlag=1

2023-10-17 07:32:54 /iclock/cdata?SN=BWNF231460126&options=all&language=73&pushver=2.4.1&PushOptionsFlag=1

2023-10-17 07:33:09 /iclock/cdata?SN=BWNF231460126&options=all&language=73&pushver=2.4.1&PushOptionsFlag=1

2023-10-17 07:33:24 /iclock/cdata?SN=BWNF231460126&options=all&language=73&pushver=2.4.1&PushOptionsFlag=1

2023-10-17 07:33:39 /iclock/cdata?SN=BWNF231460126&options=all&language=73&pushver=2.4.1&PushOptionsFlag=1

2023-10-17 07:33:54 /iclock/cdata?SN=BWNF231460126&options=all&language=73&pushver=2.4.1&PushOptionsFlag=1

2023-10-17 07:34:09 /iclock/cdata?SN=BWNF231460126&options=all&language=73&pushver=2.4.1&PushOptionsFlag=1

2023-10-17 07:34:24 /iclock/cdata?SN=BWNF231460126&options=all&language=73&pushver=2.4.1&PushOptionsFlag=1

2023-10-17 07:34:39 /iclock/cdata?SN=BWNF231460126&options=all&language=73&pushver=2.4.1&PushOptionsFlag=1

2023-10-17 07:34:54 /iclock/cdata?SN=BWNF231460126&options=all&language=73&pushver=2.4.1&PushOptionsFlag=1

2023-10-17 07:35:09 /iclock/cdata?SN=BWNF231460126&options=all&language=73&pushver=2.4.1&PushOptionsFlag=1

2023-10-17 07:35:24 /iclock/cdata?SN=BWNF231460126&options=all&language=73&pushver=2.4.1&PushOptionsFlag=1

2023-10-17 07:35:39 /iclock/cdata?SN=BWNF231460126&options=all&language=73&pushver=2.4.1&PushOptionsFlag=1

2023-10-17 07:35:54 /iclock/cdata?SN=BWNF231460126&options=all&language=73&pushver=2.4.1&PushOptionsFlag=1

2023-10-17 07:36:09 /iclock/cdata?SN=BWNF231460126&options=all&language=73&pushver=2.4.1&PushOptionsFlag=1

2023-10-17 07:36:24 /iclock/cdata?SN=BWNF231460126&options=all&language=73&pushver=2.4.1&PushOptionsFlag=1

2023-10-17 07:36:39 /iclock/cdata?SN=BWNF231460126&options=all&language=73&pushver=2.4.1&PushOptionsFlag=1

2023-10-17 07:36:54 /iclock/cdata?SN=BWNF231460126&options=all&language=73&pushver=2.4.1&PushOptionsFlag=1

2023-10-17 07:37:09 /iclock/cdata?SN=BWNF231460126&options=all&language=73&pushver=2.4.1&PushOptionsFlag=1

2023-10-17 07:37:24 /iclock/cdata?SN=BWNF231460126&options=all&language=73&pushver=2.4.1&PushOptionsFlag=1

2023-10-17 07:37:39 /iclock/cdata?SN=BWNF231460126&options=all&language=73&pushver=2.4.1&PushOptionsFlag=1

2023-10-17 07:37:54 /iclock/cdata?SN=BWNF231460126&options=all&language=73&pushver=2.4.1&PushOptionsFlag=1

2023-10-17 07:38:09 /iclock/cdata?SN=BWNF231460126&options=all&language=73&pushver=2.4.1&PushOptionsFlag=1

2023-10-17 07:38:24 /iclock/cdata?SN=BWNF231460126&options=all&language=73&pushver=2.4.1&PushOptionsFlag=1

2023-10-17 07:38:39 /iclock/cdata?SN=BWNF231460126&options=all&language=73&pushver=2.4.1&PushOptionsFlag=1

2023-10-17 07:38:54 /iclock/cdata?SN=BWNF231460126&options=all&language=73&pushver=2.4.1&PushOptionsFlag=1

2023-10-17 07:39:09 /iclock/cdata?SN=BWNF231460126&options=all&language=73&pushver=2.4.1&PushOptionsFlag=1

2023-10-17 07:39:24 /iclock/cdata?SN=BWNF231460126&options=all&language=73&pushver=2.4.1&PushOptionsFlag=1

2023-10-17 07:39:39 /iclock/cdata?SN=BWNF231460126&options=all&language=73&pushver=2.4.1&PushOptionsFlag=1

2023-10-17 07:39:54 /iclock/cdata?SN=BWNF231460126&options=all&language=73&pushver=2.4.1&PushOptionsFlag=1

2023-10-17 07:40:09 /iclock/cdata?SN=BWNF231460126&options=all&language=73&pushver=2.4.1&PushOptionsFlag=1

2023-10-17 07:40:24 /iclock/cdata?SN=BWNF231460126&options=all&language=73&pushver=2.4.1&PushOptionsFlag=1

2023-10-17 07:40:39 /iclock/cdata?SN=BWNF231460126&options=all&language=73&pushver=2.4.1&PushOptionsFlag=1

2023-10-17 07:40:54 /iclock/cdata?SN=BWNF231460126&options=all&language=73&pushver=2.4.1&PushOptionsFlag=1

2023-10-17 07:41:09 /iclock/cdata?SN=BWNF231460126&options=all&language=73&pushver=2.4.1&PushOptionsFlag=1

2023-10-17 07:41:24 /iclock/cdata?SN=BWNF231460126&options=all&language=73&pushver=2.4.1&PushOptionsFlag=1

2023-10-17 07:41:39 /iclock/cdata?SN=BWNF231460126&options=all&language=73&pushver=2.4.1&PushOptionsFlag=1

2023-10-17 07:41:54 /iclock/cdata?SN=BWNF231460126&options=all&language=73&pushver=2.4.1&PushOptionsFlag=1

2023-10-17 07:42:09 /iclock/cdata?SN=BWNF231460126&options=all&language=73&pushver=2.4.1&PushOptionsFlag=1

2023-10-17 07:42:24 /iclock/cdata?SN=BWNF231460126&options=all&language=73&pushver=2.4.1&PushOptionsFlag=1

2023-10-17 07:42:39 /iclock/cdata?SN=BWNF231460126&options=all&language=73&pushver=2.4.1&PushOptionsFlag=1

2023-10-17 07:42:54 /iclock/cdata?SN=BWNF231460126&options=all&language=73&pushver=2.4.1&PushOptionsFlag=1

2023-10-17 07:43:09 /iclock/cdata?SN=BWNF231460126&options=all&language=73&pushver=2.4.1&PushOptionsFlag=1

2023-10-17 07:43:24 /iclock/cdata?SN=BWNF231460126&options=all&language=73&pushver=2.4.1&PushOptionsFlag=1

2023-10-17 07:43:39 /iclock/cdata?SN=BWNF231460126&options=all&language=73&pushver=2.4.1&PushOptionsFlag=1

2023-10-17 07:43:54 /iclock/cdata?SN=BWNF231460126&options=all&language=73&pushver=2.4.1&PushOptionsFlag=1

2023-10-17 07:44:09 /iclock/cdata?SN=BWNF231460126&options=all&language=73&pushver=2.4.1&PushOptionsFlag=1

2023-10-17 07:44:24 /iclock/cdata?SN=BWNF231460126&options=all&language=73&pushver=2.4.1&PushOptionsFlag=1

2023-10-17 07:44:39 /iclock/cdata?SN=BWNF231460126&options=all&language=73&pushver=2.4.1&PushOptionsFlag=1

2023-10-17 07:44:54 /iclock/cdata?SN=BWNF231460126&options=all&language=73&pushver=2.4.1&PushOptionsFlag=1

2023-10-17 07:45:09 /iclock/cdata?SN=BWNF231460126&options=all&language=73&pushver=2.4.1&PushOptionsFlag=1

2023-10-17 07:45:24 /iclock/cdata?SN=BWNF231460126&options=all&language=73&pushver=2.4.1&PushOptionsFlag=1

2023-10-17 07:45:39 /iclock/cdata?SN=BWNF231460126&options=all&language=73&pushver=2.4.1&PushOptionsFlag=1

2023-10-17 07:45:54 /iclock/cdata?SN=BWNF231460126&options=all&language=73&pushver=2.4.1&PushOptionsFlag=1

2023-10-17 07:46:09 /iclock/cdata?SN=BWNF231460126&options=all&language=73&pushver=2.4.1&PushOptionsFlag=1

2023-10-17 07:46:24 /iclock/cdata?SN=BWNF231460126&options=all&language=73&pushver=2.4.1&PushOptionsFlag=1

2023-10-17 07:46:39 /iclock/cdata?SN=BWNF231460126&options=all&language=73&pushver=2.4.1&PushOptionsFlag=1

2023-10-17 07:46:54 /iclock/cdata?SN=BWNF231460126&options=all&language=73&pushver=2.4.1&PushOptionsFlag=1

2023-10-17 07:47:09 /iclock/cdata?SN=BWNF231460126&options=all&language=73&pushver=2.4.1&PushOptionsFlag=1

2023-10-17 07:47:24 /iclock/cdata?SN=BWNF231460126&options=all&language=73&pushver=2.4.1&PushOptionsFlag=1

2023-10-17 07:47:39 /iclock/cdata?SN=BWNF231460126&options=all&language=73&pushver=2.4.1&PushOptionsFlag=1

2023-10-17 07:47:54 /iclock/cdata?SN=BWNF231460126&options=all&language=73&pushver=2.4.1&PushOptionsFlag=1

2023-10-17 07:48:09 /iclock/cdata?SN=BWNF231460126&options=all&language=73&pushver=2.4.1&PushOptionsFlag=1

2023-10-17 07:48:24 /iclock/cdata?SN=BWNF231460126&options=all&language=73&pushver=2.4.1&PushOptionsFlag=1

2023-10-17 07:48:39 /iclock/cdata?SN=BWNF231460126&options=all&language=73&pushver=2.4.1&PushOptionsFlag=1

2023-10-17 07:48:54 /iclock/cdata?SN=BWNF231460126&options=all&language=73&pushver=2.4.1&PushOptionsFlag=1

2023-10-17 07:49:09 /iclock/cdata?SN=BWNF231460126&options=all&language=73&pushver=2.4.1&PushOptionsFlag=1

2023-10-17 07:49:24 /iclock/cdata?SN=BWNF231460126&options=all&language=73&pushver=2.4.1&PushOptionsFlag=1

2023-10-17 07:49:39 /iclock/cdata?SN=BWNF231460126&options=all&language=73&pushver=2.4.1&PushOptionsFlag=1

2023-10-17 07:49:54 /iclock/cdata?SN=BWNF231460126&options=all&language=73&pushver=2.4.1&PushOptionsFlag=1

2023-10-17 07:50:09 /iclock/cdata?SN=BWNF231460126&options=all&language=73&pushver=2.4.1&PushOptionsFlag=1

2023-10-17 07:50:24 /iclock/cdata?SN=BWNF231460126&options=all&language=73&pushver=2.4.1&PushOptionsFlag=1

2023-10-17 07:50:39 /iclock/cdata?SN=BWNF231460126&options=all&language=73&pushver=2.4.1&PushOptionsFlag=1

2023-10-17 07:50:54 /iclock/cdata?SN=BWNF231460126&options=all&language=73&pushver=2.4.1&PushOptionsFlag=1

2023-10-17 07:51:09 /iclock/cdata?SN=BWNF231460126&options=all&language=73&pushver=2.4.1&PushOptionsFlag=1

2023-10-17 07:51:24 /iclock/cdata?SN=BWNF231460126&options=all&language=73&pushver=2.4.1&PushOptionsFlag=1

2023-10-17 07:51:39 /iclock/cdata?SN=BWNF231460126&options=all&language=73&pushver=2.4.1&PushOptionsFlag=1

2023-10-17 07:51:54 /iclock/cdata?SN=BWNF231460126&options=all&language=73&pushver=2.4.1&PushOptionsFlag=1

2023-10-17 07:52:09 /iclock/cdata?SN=BWNF231460126&options=all&language=73&pushver=2.4.1&PushOptionsFlag=1

2023-10-17 07:52:24 /iclock/cdata?SN=BWNF231460126&options=all&language=73&pushver=2.4.1&PushOptionsFlag=1

2023-10-17 07:52:39 /iclock/cdata?SN=BWNF231460126&options=all&language=73&pushver=2.4.1&PushOptionsFlag=1

2023-10-17 07:52:54 /iclock/cdata?SN=BWNF231460126&options=all&language=73&pushver=2.4.1&PushOptionsFlag=1

2023-10-17 07:53:09 /iclock/cdata?SN=BWNF231460126&options=all&language=73&pushver=2.4.1&PushOptionsFlag=1

2023-10-17 07:53:24 /iclock/cdata?SN=BWNF231460126&options=all&language=73&pushver=2.4.1&PushOptionsFlag=1

2023-10-17 07:53:39 /iclock/cdata?SN=BWNF231460126&options=all&language=73&pushver=2.4.1&PushOptionsFlag=1

2023-10-17 07:53:54 /iclock/cdata?SN=BWNF231460126&options=all&language=73&pushver=2.4.1&PushOptionsFlag=1

2023-10-17 07:54:09 /iclock/cdata?SN=BWNF231460126&options=all&language=73&pushver=2.4.1&PushOptionsFlag=1

2023-10-17 07:54:24 /iclock/cdata?SN=BWNF231460126&options=all&language=73&pushver=2.4.1&PushOptionsFlag=1

2023-10-17 07:54:39 /iclock/cdata?SN=BWNF231460126&options=all&language=73&pushver=2.4.1&PushOptionsFlag=1

2023-10-17 07:54:54 /iclock/cdata?SN=BWNF231460126&options=all&language=73&pushver=2.4.1&PushOptionsFlag=1

2023-10-17 07:55:09 /iclock/cdata?SN=BWNF231460126&options=all&language=73&pushver=2.4.1&PushOptionsFlag=1

2023-10-17 07:55:24 /iclock/cdata?SN=BWNF231460126&options=all&language=73&pushver=2.4.1&PushOptionsFlag=1

2023-10-17 07:55:39 /iclock/cdata?SN=BWNF231460126&options=all&language=73&pushver=2.4.1&PushOptionsFlag=1

2023-10-17 07:55:54 /iclock/cdata?SN=BWNF231460126&options=all&language=73&pushver=2.4.1&PushOptionsFlag=1

2023-10-17 07:56:09 /iclock/cdata?SN=BWNF231460126&options=all&language=73&pushver=2.4.1&PushOptionsFlag=1

2023-10-17 07:56:24 /iclock/cdata?SN=BWNF231460126&options=all&language=73&pushver=2.4.1&PushOptionsFlag=1

2023-10-17 07:56:39 /iclock/cdata?SN=BWNF231460126&options=all&language=73&pushver=2.4.1&PushOptionsFlag=1

2023-10-17 07:56:54 /iclock/cdata?SN=BWNF231460126&options=all&language=73&pushver=2.4.1&PushOptionsFlag=1

2023-10-17 07:57:09 /iclock/cdata?SN=BWNF231460126&options=all&language=73&pushver=2.4.1&PushOptionsFlag=1

2023-10-17 07:57:24 /iclock/cdata?SN=BWNF231460126&options=all&language=73&pushver=2.4.1&PushOptionsFlag=1

2023-10-17 07:57:39 /iclock/cdata?SN=BWNF231460126&options=all&language=73&pushver=2.4.1&PushOptionsFlag=1

2023-10-17 07:57:54 /iclock/cdata?SN=BWNF231460126&options=all&language=73&pushver=2.4.1&PushOptionsFlag=1

2023-10-17 07:58:09 /iclock/cdata?SN=BWNF231460126&options=all&language=73&pushver=2.4.1&PushOptionsFlag=1

2023-10-17 07:58:24 /iclock/cdata?SN=BWNF231460126&options=all&language=73&pushver=2.4.1&PushOptionsFlag=1

2023-10-17 07:58:39 /iclock/cdata?SN=BWNF231460126&options=all&language=73&pushver=2.4.1&PushOptionsFlag=1

2023-10-17 07:58:54 /iclock/cdata?SN=BWNF231460126&options=all&language=73&pushver=2.4.1&PushOptionsFlag=1

2023-10-17 07:59:09 /iclock/cdata?SN=BWNF231460126&options=all&language=73&pushver=2.4.1&PushOptionsFlag=1

2023-10-17 07:59:24 /iclock/cdata?SN=BWNF231460126&options=all&language=73&pushver=2.4.1&PushOptionsFlag=1

2023-10-17 07:59:39 /iclock/cdata?SN=BWNF231460126&options=all&language=73&pushver=2.4.1&PushOptionsFlag=1

2023-10-17 07:59:54 /iclock/cdata?SN=BWNF231460126&options=all&language=73&pushver=2.4.1&PushOptionsFlag=1

2023-10-17 08:00:09 /iclock/cdata?SN=BWNF231460126&options=all&language=73&pushver=2.4.1&PushOptionsFlag=1

2023-10-17 08:00:24 /iclock/cdata?SN=BWNF231460126&options=all&language=73&pushver=2.4.1&PushOptionsFlag=1

2023-10-17 08:00:39 /iclock/cdata?SN=BWNF231460126&options=all&language=73&pushver=2.4.1&PushOptionsFlag=1

2023-10-17 08:00:54 /iclock/cdata?SN=BWNF231460126&options=all&language=73&pushver=2.4.1&PushOptionsFlag=1

2023-10-17 08:01:09 /iclock/cdata?SN=BWNF231460126&options=all&language=73&pushver=2.4.1&PushOptionsFlag=1

2023-10-17 08:01:24 /iclock/cdata?SN=BWNF231460126&options=all&language=73&pushver=2.4.1&PushOptionsFlag=1

2023-10-17 08:01:39 /iclock/cdata?SN=BWNF231460126&options=all&language=73&pushver=2.4.1&PushOptionsFlag=1

2023-10-17 08:01:54 /iclock/cdata?SN=BWNF231460126&options=all&language=73&pushver=2.4.1&PushOptionsFlag=1

2023-10-17 08:02:09 /iclock/cdata?SN=BWNF231460126&options=all&language=73&pushver=2.4.1&PushOptionsFlag=1

2023-10-17 08:02:24 /iclock/cdata?SN=BWNF231460126&options=all&language=73&pushver=2.4.1&PushOptionsFlag=1

2023-10-17 08:02:39 /iclock/cdata?SN=BWNF231460126&options=all&language=73&pushver=2.4.1&PushOptionsFlag=1

2023-10-17 08:02:54 /iclock/cdata?SN=BWNF231460126&options=all&language=73&pushver=2.4.1&PushOptionsFlag=1

2023-10-17 08:03:09 /iclock/cdata?SN=BWNF231460126&options=all&language=73&pushver=2.4.1&PushOptionsFlag=1

2023-10-17 08:03:24 /iclock/cdata?SN=BWNF231460126&options=all&language=73&pushver=2.4.1&PushOptionsFlag=1

2023-10-17 08:03:39 /iclock/cdata?SN=BWNF231460126&options=all&language=73&pushver=2.4.1&PushOptionsFlag=1

2023-10-17 08:03:54 /iclock/cdata?SN=BWNF231460126&options=all&language=73&pushver=2.4.1&PushOptionsFlag=1

2023-10-17 08:04:09 /iclock/cdata?SN=BWNF231460126&options=all&language=73&pushver=2.4.1&PushOptionsFlag=1

2023-10-17 08:04:24 /iclock/cdata?SN=BWNF231460126&options=all&language=73&pushver=2.4.1&PushOptionsFlag=1

2023-10-17 08:04:39 /iclock/cdata?SN=BWNF231460126&options=all&language=73&pushver=2.4.1&PushOptionsFlag=1

2023-10-17 08:04:54 /iclock/cdata?SN=BWNF231460126&options=all&language=73&pushver=2.4.1&PushOptionsFlag=1

2023-10-17 08:05:09 /iclock/cdata?SN=BWNF231460126&options=all&language=73&pushver=2.4.1&PushOptionsFlag=1

2023-10-17 08:05:24 /iclock/cdata?SN=BWNF231460126&options=all&language=73&pushver=2.4.1&PushOptionsFlag=1

2023-10-17 08:05:39 /iclock/cdata?SN=BWNF231460126&options=all&language=73&pushver=2.4.1&PushOptionsFlag=1

2023-10-17 08:05:54 /iclock/cdata?SN=BWNF231460126&options=all&language=73&pushver=2.4.1&PushOptionsFlag=1

2023-10-17 08:06:09 /iclock/cdata?SN=BWNF231460126&options=all&language=73&pushver=2.4.1&PushOptionsFlag=1

2023-10-17 08:06:24 /iclock/cdata?SN=BWNF231460126&options=all&language=73&pushver=2.4.1&PushOptionsFlag=1

2023-10-17 08:06:39 /iclock/cdata?SN=BWNF231460126&options=all&language=73&pushver=2.4.1&PushOptionsFlag=1

2023-10-17 08:06:54 /iclock/cdata?SN=BWNF231460126&options=all&language=73&pushver=2.4.1&PushOptionsFlag=1

2023-10-17 08:07:09 /iclock/cdata?SN=BWNF231460126&options=all&language=73&pushver=2.4.1&PushOptionsFlag=1

2023-10-17 08:07:24 /iclock/cdata?SN=BWNF231460126&options=all&language=73&pushver=2.4.1&PushOptionsFlag=1

2023-10-17 08:07:39 /iclock/cdata?SN=BWNF231460126&options=all&language=73&pushver=2.4.1&PushOptionsFlag=1

2023-10-17 08:07:54 /iclock/cdata?SN=BWNF231460126&options=all&language=73&pushver=2.4.1&PushOptionsFlag=1

2023-10-17 08:08:09 /iclock/cdata?SN=BWNF231460126&options=all&language=73&pushver=2.4.1&PushOptionsFlag=1

2023-10-17 08:08:24 /iclock/cdata?SN=BWNF231460126&options=all&language=73&pushver=2.4.1&PushOptionsFlag=1

2023-10-17 08:08:39 /iclock/cdata?SN=BWNF231460126&options=all&language=73&pushver=2.4.1&PushOptionsFlag=1

2023-10-17 08:08:54 /iclock/cdata?SN=BWNF231460126&options=all&language=73&pushver=2.4.1&PushOptionsFlag=1

2023-10-17 08:09:09 /iclock/cdata?SN=BWNF231460126&options=all&language=73&pushver=2.4.1&PushOptionsFlag=1

2023-10-17 08:09:24 /iclock/cdata?SN=BWNF231460126&options=all&language=73&pushver=2.4.1&PushOptionsFlag=1

2023-10-17 08:09:39 /iclock/cdata?SN=BWNF231460126&options=all&language=73&pushver=2.4.1&PushOptionsFlag=1

2023-10-17 08:09:54 /iclock/cdata?SN=BWNF231460126&options=all&language=73&pushver=2.4.1&PushOptionsFlag=1

2023-10-17 08:10:09 /iclock/cdata?SN=BWNF231460126&options=all&language=73&pushver=2.4.1&PushOptionsFlag=1

2023-10-17 08:10:24 /iclock/cdata?SN=BWNF231460126&options=all&language=73&pushver=2.4.1&PushOptionsFlag=1

2023-10-17 08:10:39 /iclock/cdata?SN=BWNF231460126&options=all&language=73&pushver=2.4.1&PushOptionsFlag=1

2023-10-17 08:10:54 /iclock/cdata?SN=BWNF231460126&options=all&language=73&pushver=2.4.1&PushOptionsFlag=1

2023-10-17 08:11:09 /iclock/cdata?SN=BWNF231460126&options=all&language=73&pushver=2.4.1&PushOptionsFlag=1

2023-10-17 08:11:24 /iclock/cdata?SN=BWNF231460126&options=all&language=73&pushver=2.4.1&PushOptionsFlag=1

2023-10-17 08:11:39 /iclock/cdata?SN=BWNF231460126&options=all&language=73&pushver=2.4.1&PushOptionsFlag=1

2023-10-17 08:11:54 /iclock/cdata?SN=BWNF231460126&options=all&language=73&pushver=2.4.1&PushOptionsFlag=1

2023-10-17 08:12:09 /iclock/cdata?SN=BWNF231460126&options=all&language=73&pushver=2.4.1&PushOptionsFlag=1

2023-10-17 08:12:24 /iclock/cdata?SN=BWNF231460126&options=all&language=73&pushver=2.4.1&PushOptionsFlag=1

2023-10-17 08:12:39 /iclock/cdata?SN=BWNF231460126&options=all&language=73&pushver=2.4.1&PushOptionsFlag=1

2023-10-17 08:12:54 /iclock/cdata?SN=BWNF231460126&options=all&language=73&pushver=2.4.1&PushOptionsFlag=1

2023-10-17 08:13:09 /iclock/cdata?SN=BWNF231460126&options=all&language=73&pushver=2.4.1&PushOptionsFlag=1

2023-10-17 08:13:24 /iclock/cdata?SN=BWNF231460126&options=all&language=73&pushver=2.4.1&PushOptionsFlag=1

2023-10-17 08:13:39 /iclock/cdata?SN=BWNF231460126&options=all&language=73&pushver=2.4.1&PushOptionsFlag=1

2023-10-17 08:13:54 /iclock/cdata?SN=BWNF231460126&options=all&language=73&pushver=2.4.1&PushOptionsFlag=1

2023-10-17 08:14:09 /iclock/cdata?SN=BWNF231460126&options=all&language=73&pushver=2.4.1&PushOptionsFlag=1

2023-10-17 08:14:24 /iclock/cdata?SN=BWNF231460126&options=all&language=73&pushver=2.4.1&PushOptionsFlag=1

2023-10-17 08:14:39 /iclock/cdata?SN=BWNF231460126&options=all&language=73&pushver=2.4.1&PushOptionsFlag=1

2023-10-17 08:14:54 /iclock/cdata?SN=BWNF231460126&options=all&language=73&pushver=2.4.1&PushOptionsFlag=1

2023-10-17 08:15:09 /iclock/cdata?SN=BWNF231460126&options=all&language=73&pushver=2.4.1&PushOptionsFlag=1

2023-10-17 08:15:24 /iclock/cdata?SN=BWNF231460126&options=all&language=73&pushver=2.4.1&PushOptionsFlag=1

2023-10-17 08:15:40 /iclock/cdata?SN=BWNF231460126&options=all&language=73&pushver=2.4.1&PushOptionsFlag=1

2023-10-17 08:15:54 /iclock/cdata?SN=BWNF231460126&options=all&language=73&pushver=2.4.1&PushOptionsFlag=1

2023-10-17 08:16:09 /iclock/cdata?SN=BWNF231460126&options=all&language=73&pushver=2.4.1&PushOptionsFlag=1

2023-10-17 08:16:52 /iclock/cdata?SN=BWNF231460126&options=all&language=73&pushver=2.4.1&PushOptionsFlag=1

2023-10-17 08:17:06 /iclock/cdata?SN=BWNF231460126&options=all&language=73&pushver=2.4.1&PushOptionsFlag=1

2023-10-17 08:17:21 /iclock/cdata?SN=BWNF231460126&options=all&language=73&pushver=2.4.1&PushOptionsFlag=1

2023-10-17 08:17:36 /iclock/cdata?SN=BWNF231460126&options=all&language=73&pushver=2.4.1&PushOptionsFlag=1

2023-10-17 08:17:51 /iclock/cdata?SN=BWNF231460126&options=all&language=73&pushver=2.4.1&PushOptionsFlag=1

2023-10-17 08:18:06 /iclock/cdata?SN=BWNF231460126&options=all&language=73&pushver=2.4.1&PushOptionsFlag=1

2023-10-17 08:18:21 /iclock/cdata?SN=BWNF231460126&options=all&language=73&pushver=2.4.1&PushOptionsFlag=1

2023-10-17 08:18:36 /iclock/cdata?SN=BWNF231460126&options=all&language=73&pushver=2.4.1&PushOptionsFlag=1

2023-10-17 08:18:51 /iclock/cdata?SN=BWNF231460126&options=all&language=73&pushver=2.4.1&PushOptionsFlag=1

2023-10-17 08:19:06 /iclock/cdata?SN=BWNF231460126&options=all&language=73&pushver=2.4.1&PushOptionsFlag=1

2023-10-17 08:19:21 /iclock/cdata?SN=BWNF231460126&options=all&language=73&pushver=2.4.1&PushOptionsFlag=1

2023-10-17 08:19:36 /iclock/cdata?SN=BWNF231460126&options=all&language=73&pushver=2.4.1&PushOptionsFlag=1

2023-10-17 08:19:51 /iclock/cdata?SN=BWNF231460126&options=all&language=73&pushver=2.4.1&PushOptionsFlag=1

2023-10-17 08:20:06 /iclock/cdata?SN=BWNF231460126&options=all&language=73&pushver=2.4.1&PushOptionsFlag=1

2023-10-17 08:20:21 /iclock/cdata?SN=BWNF231460126&options=all&language=73&pushver=2.4.1&PushOptionsFlag=1

2023-10-17 08:20:36 /iclock/cdata?SN=BWNF231460126&options=all&language=73&pushver=2.4.1&PushOptionsFlag=1

2023-10-17 08:20:51 /iclock/cdata?SN=BWNF231460126&options=all&language=73&pushver=2.4.1&PushOptionsFlag=1

2023-10-17 08:21:06 /iclock/cdata?SN=BWNF231460126&options=all&language=73&pushver=2.4.1&PushOptionsFlag=1

2023-10-17 08:21:21 /iclock/cdata?SN=BWNF231460126&options=all&language=73&pushver=2.4.1&PushOptionsFlag=1

2023-10-17 08:21:36 /iclock/cdata?SN=BWNF231460126&options=all&language=73&pushver=2.4.1&PushOptionsFlag=1

2023-10-17 08:21:51 /iclock/cdata?SN=BWNF231460126&options=all&language=73&pushver=2.4.1&PushOptionsFlag=1

2023-10-17 08:22:06 /iclock/cdata?SN=BWNF231460126&options=all&language=73&pushver=2.4.1&PushOptionsFlag=1

2023-10-17 08:22:21 /iclock/cdata?SN=BWNF231460126&options=all&language=73&pushver=2.4.1&PushOptionsFlag=1

2023-10-17 08:22:36 /iclock/cdata?SN=BWNF231460126&options=all&language=73&pushver=2.4.1&PushOptionsFlag=1

2023-10-17 08:22:51 /iclock/cdata?SN=BWNF231460126&options=all&language=73&pushver=2.4.1&PushOptionsFlag=1

2023-10-17 08:23:06 /iclock/cdata?SN=BWNF231460126&options=all&language=73&pushver=2.4.1&PushOptionsFlag=1

2023-10-17 08:23:21 /iclock/cdata?SN=BWNF231460126&options=all&language=73&pushver=2.4.1&PushOptionsFlag=1

2023-10-17 08:23:36 /iclock/cdata?SN=BWNF231460126&options=all&language=73&pushver=2.4.1&PushOptionsFlag=1

2023-10-17 08:23:51 /iclock/cdata?SN=BWNF231460126&options=all&language=73&pushver=2.4.1&PushOptionsFlag=1

2023-10-17 08:24:06 /iclock/cdata?SN=BWNF231460126&options=all&language=73&pushver=2.4.1&PushOptionsFlag=1

2023-10-17 08:24:21 /iclock/cdata?SN=BWNF231460126&options=all&language=73&pushver=2.4.1&PushOptionsFlag=1

2023-10-17 08:24:36 /iclock/cdata?SN=BWNF231460126&options=all&language=73&pushver=2.4.1&PushOptionsFlag=1

2023-10-17 08:24:51 /iclock/cdata?SN=BWNF231460126&options=all&language=73&pushver=2.4.1&PushOptionsFlag=1

2023-10-17 08:25:06 /iclock/cdata?SN=BWNF231460126&options=all&language=73&pushver=2.4.1&PushOptionsFlag=1

2023-10-17 08:25:21 /iclock/cdata?SN=BWNF231460126&options=all&language=73&pushver=2.4.1&PushOptionsFlag=1

2023-10-17 08:25:36 /iclock/cdata?SN=BWNF231460126&options=all&language=73&pushver=2.4.1&PushOptionsFlag=1

2023-10-17 08:25:51 /iclock/cdata?SN=BWNF231460126&options=all&language=73&pushver=2.4.1&PushOptionsFlag=1

2023-10-17 08:26:06 /iclock/cdata?SN=BWNF231460126&options=all&language=73&pushver=2.4.1&PushOptionsFlag=1

2023-10-17 08:26:21 /iclock/cdata?SN=BWNF231460126&options=all&language=73&pushver=2.4.1&PushOptionsFlag=1

2023-10-17 08:26:36 /iclock/cdata?SN=BWNF231460126&options=all&language=73&pushver=2.4.1&PushOptionsFlag=1

2023-10-17 08:26:51 /iclock/cdata?SN=BWNF231460126&options=all&language=73&pushver=2.4.1&PushOptionsFlag=1

2023-10-17 08:27:06 /iclock/cdata?SN=BWNF231460126&options=all&language=73&pushver=2.4.1&PushOptionsFlag=1

2023-10-17 08:27:21 /iclock/cdata?SN=BWNF231460126&options=all&language=73&pushver=2.4.1&PushOptionsFlag=1

2023-10-17 08:27:36 /iclock/cdata?SN=BWNF231460126&options=all&language=73&pushver=2.4.1&PushOptionsFlag=1

2023-10-17 08:27:51 /iclock/cdata?SN=BWNF231460126&options=all&language=73&pushver=2.4.1&PushOptionsFlag=1

2023-10-17 08:28:06 /iclock/cdata?SN=BWNF231460126&options=all&language=73&pushver=2.4.1&PushOptionsFlag=1

2023-10-17 08:28:21 /iclock/cdata?SN=BWNF231460126&options=all&language=73&pushver=2.4.1&PushOptionsFlag=1

2023-10-17 08:28:36 /iclock/cdata?SN=BWNF231460126&options=all&language=73&pushver=2.4.1&PushOptionsFlag=1

2023-10-17 08:28:51 /iclock/cdata?SN=BWNF231460126&options=all&language=73&pushver=2.4.1&PushOptionsFlag=1

2023-10-17 08:29:06 /iclock/cdata?SN=BWNF231460126&options=all&language=73&pushver=2.4.1&PushOptionsFlag=1

2023-10-17 08:29:21 /iclock/cdata?SN=BWNF231460126&options=all&language=73&pushver=2.4.1&PushOptionsFlag=1

2023-10-17 08:29:36 /iclock/cdata?SN=BWNF231460126&options=all&language=73&pushver=2.4.1&PushOptionsFlag=1

2023-10-17 08:29:51 /iclock/cdata?SN=BWNF231460126&options=all&language=73&pushver=2.4.1&PushOptionsFlag=1

2023-10-17 08:30:06 /iclock/cdata?SN=BWNF231460126&options=all&language=73&pushver=2.4.1&PushOptionsFlag=1

2023-10-17 08:30:21 /iclock/cdata?SN=BWNF231460126&options=all&language=73&pushver=2.4.1&PushOptionsFlag=1

2023-10-17 08:30:36 /iclock/cdata?SN=BWNF231460126&options=all&language=73&pushver=2.4.1&PushOptionsFlag=1

2023-10-17 08:30:51 /iclock/cdata?SN=BWNF231460126&options=all&language=73&pushver=2.4.1&PushOptionsFlag=1

2023-10-17 08:31:06 /iclock/cdata?SN=BWNF231460126&options=all&language=73&pushver=2.4.1&PushOptionsFlag=1

2023-10-17 08:31:21 /iclock/cdata?SN=BWNF231460126&options=all&language=73&pushver=2.4.1&PushOptionsFlag=1

2023-10-17 08:31:36 /iclock/cdata?SN=BWNF231460126&options=all&language=73&pushver=2.4.1&PushOptionsFlag=1

2023-10-17 08:31:51 /iclock/cdata?SN=BWNF231460126&options=all&language=73&pushver=2.4.1&PushOptionsFlag=1

2023-10-17 08:32:06 /iclock/cdata?SN=BWNF231460126&options=all&language=73&pushver=2.4.1&PushOptionsFlag=1

2023-10-17 08:32:20 /iclock/cdata?SN=BWNF231460126&options=all&language=73&pushver=2.4.1&PushOptionsFlag=1

2023-10-17 08:32:36 /iclock/cdata?SN=BWNF231460126&options=all&language=73&pushver=2.4.1&PushOptionsFlag=1

2023-10-17 08:32:51 /iclock/cdata?SN=BWNF231460126&options=all&language=73&pushver=2.4.1&PushOptionsFlag=1

2023-10-17 08:33:06 /iclock/cdata?SN=BWNF231460126&options=all&language=73&pushver=2.4.1&PushOptionsFlag=1

2023-10-17 08:33:21 /iclock/cdata?SN=BWNF231460126&options=all&language=73&pushver=2.4.1&PushOptionsFlag=1

2023-10-17 08:33:36 /iclock/cdata?SN=BWNF231460126&options=all&language=73&pushver=2.4.1&PushOptionsFlag=1

2023-10-17 08:33:51 /iclock/cdata?SN=BWNF231460126&options=all&language=73&pushver=2.4.1&PushOptionsFlag=1

2023-10-17 08:34:06 /iclock/cdata?SN=BWNF231460126&options=all&language=73&pushver=2.4.1&PushOptionsFlag=1

2023-10-17 08:34:21 /iclock/cdata?SN=BWNF231460126&options=all&language=73&pushver=2.4.1&PushOptionsFlag=1

2023-10-17 08:34:36 /iclock/cdata?SN=BWNF231460126&options=all&language=73&pushver=2.4.1&PushOptionsFlag=1

2023-10-17 08:34:51 /iclock/cdata?SN=BWNF231460126&options=all&language=73&pushver=2.4.1&PushOptionsFlag=1

2023-10-17 08:35:06 /iclock/cdata?SN=BWNF231460126&options=all&language=73&pushver=2.4.1&PushOptionsFlag=1

2023-10-17 08:35:21 /iclock/cdata?SN=BWNF231460126&options=all&language=73&pushver=2.4.1&PushOptionsFlag=1

2023-10-17 08:35:36 /iclock/cdata?SN=BWNF231460126&options=all&language=73&pushver=2.4.1&PushOptionsFlag=1

2023-10-17 08:35:51 /iclock/cdata?SN=BWNF231460126&options=all&language=73&pushver=2.4.1&PushOptionsFlag=1

2023-10-17 08:36:06 /iclock/cdata?SN=BWNF231460126&options=all&language=73&pushver=2.4.1&PushOptionsFlag=1

2023-10-17 08:36:21 /iclock/cdata?SN=BWNF231460126&options=all&language=73&pushver=2.4.1&PushOptionsFlag=1

2023-10-17 08:36:36 /iclock/cdata?SN=BWNF231460126&options=all&language=73&pushver=2.4.1&PushOptionsFlag=1

2023-10-17 08:36:51 /iclock/cdata?SN=BWNF231460126&options=all&language=73&pushver=2.4.1&PushOptionsFlag=1

2023-10-17 08:37:06 /iclock/cdata?SN=BWNF231460126&options=all&language=73&pushver=2.4.1&PushOptionsFlag=1

2023-10-17 08:37:21 /iclock/cdata?SN=BWNF231460126&options=all&language=73&pushver=2.4.1&PushOptionsFlag=1

2023-10-17 08:37:36 /iclock/cdata?SN=BWNF231460126&options=all&language=73&pushver=2.4.1&PushOptionsFlag=1

2023-10-17 08:37:51 /iclock/cdata?SN=BWNF231460126&options=all&language=73&pushver=2.4.1&PushOptionsFlag=1

2023-10-17 08:38:06 /iclock/cdata?SN=BWNF231460126&options=all&language=73&pushver=2.4.1&PushOptionsFlag=1

2023-10-17 08:38:21 /iclock/cdata?SN=BWNF231460126&options=all&language=73&pushver=2.4.1&PushOptionsFlag=1

2023-10-17 08:38:36 /iclock/cdata?SN=BWNF231460126&options=all&language=73&pushver=2.4.1&PushOptionsFlag=1

2023-10-17 08:38:50 /iclock/cdata?SN=BWNF231460126&options=all&language=73&pushver=2.4.1&PushOptionsFlag=1

2023-10-17 08:39:05 /iclock/cdata?SN=BWNF231460126&options=all&language=73&pushver=2.4.1&PushOptionsFlag=1

2023-10-17 08:39:20 /iclock/cdata?SN=BWNF231460126&options=all&language=73&pushver=2.4.1&PushOptionsFlag=1

2023-10-17 08:39:35 /iclock/cdata?SN=BWNF231460126&options=all&language=73&pushver=2.4.1&PushOptionsFlag=1

2023-10-17 08:39:50 /iclock/cdata?SN=BWNF231460126&options=all&language=73&pushver=2.4.1&PushOptionsFlag=1

2023-10-17 08:40:05 /iclock/cdata?SN=BWNF231460126&options=all&language=73&pushver=2.4.1&PushOptionsFlag=1

2023-10-17 08:40:20 /iclock/cdata?SN=BWNF231460126&options=all&language=73&pushver=2.4.1&PushOptionsFlag=1

2023-10-17 08:40:35 /iclock/cdata?SN=BWNF231460126&options=all&language=73&pushver=2.4.1&PushOptionsFlag=1

2023-10-17 08:40:50 /iclock/cdata?SN=BWNF231460126&options=all&language=73&pushver=2.4.1&PushOptionsFlag=1

2023-10-17 08:41:05 /iclock/cdata?SN=BWNF231460126&options=all&language=73&pushver=2.4.1&PushOptionsFlag=1

2023-10-17 08:41:21 /iclock/cdata?SN=BWNF231460126&options=all&language=73&pushver=2.4.1&PushOptionsFlag=1

2023-10-17 08:41:35 /iclock/cdata?SN=BWNF231460126&options=all&language=73&pushver=2.4.1&PushOptionsFlag=1

2023-10-17 08:41:51 /iclock/cdata?SN=BWNF231460126&options=all&language=73&pushver=2.4.1&PushOptionsFlag=1

2023-10-17 08:42:06 /iclock/cdata?SN=BWNF231460126&options=all&language=73&pushver=2.4.1&PushOptionsFlag=1

2023-10-17 08:42:21 /iclock/cdata?SN=BWNF231460126&options=all&language=73&pushver=2.4.1&PushOptionsFlag=1

2023-10-17 08:42:36 /iclock/cdata?SN=BWNF231460126&options=all&language=73&pushver=2.4.1&PushOptionsFlag=1

2023-10-17 08:42:51 /iclock/cdata?SN=BWNF231460126&options=all&language=73&pushver=2.4.1&PushOptionsFlag=1

2023-10-17 08:43:06 /iclock/cdata?SN=BWNF231460126&options=all&language=73&pushver=2.4.1&PushOptionsFlag=1

2023-10-17 08:43:21 /iclock/cdata?SN=BWNF231460126&options=all&language=73&pushver=2.4.1&PushOptionsFlag=1

2023-10-17 08:43:36 /iclock/cdata?SN=BWNF231460126&options=all&language=73&pushver=2.4.1&PushOptionsFlag=1

2023-10-17 08:43:51 /iclock/cdata?SN=BWNF231460126&options=all&language=73&pushver=2.4.1&PushOptionsFlag=1

2023-10-17 08:44:06 /iclock/cdata?SN=BWNF231460126&options=all&language=73&pushver=2.4.1&PushOptionsFlag=1

2023-10-17 08:44:21 /iclock/cdata?SN=BWNF231460126&options=all&language=73&pushver=2.4.1&PushOptionsFlag=1

2023-10-17 08:44:36 /iclock/cdata?SN=BWNF231460126&options=all&language=73&pushver=2.4.1&PushOptionsFlag=1

2023-10-17 08:44:51 /iclock/cdata?SN=BWNF231460126&options=all&language=73&pushver=2.4.1&PushOptionsFlag=1

2023-10-17 08:45:06 /iclock/cdata?SN=BWNF231460126&options=all&language=73&pushver=2.4.1&PushOptionsFlag=1

2023-10-17 08:45:21 /iclock/cdata?SN=BWNF231460126&options=all&language=73&pushver=2.4.1&PushOptionsFlag=1

2023-10-17 08:45:36 /iclock/cdata?SN=BWNF231460126&options=all&language=73&pushver=2.4.1&PushOptionsFlag=1

2023-10-17 08:45:51 /iclock/cdata?SN=BWNF231460126&options=all&language=73&pushver=2.4.1&PushOptionsFlag=1

2023-10-17 08:46:06 /iclock/cdata?SN=BWNF231460126&options=all&language=73&pushver=2.4.1&PushOptionsFlag=1

2023-10-17 08:46:21 /iclock/cdata?SN=BWNF231460126&options=all&language=73&pushver=2.4.1&PushOptionsFlag=1

2023-10-17 08:46:36 /iclock/cdata?SN=BWNF231460126&options=all&language=73&pushver=2.4.1&PushOptionsFlag=1

2023-10-17 08:46:51 /iclock/cdata?SN=BWNF231460126&options=all&language=73&pushver=2.4.1&PushOptionsFlag=1

2023-10-17 08:47:06 /iclock/cdata?SN=BWNF231460126&options=all&language=73&pushver=2.4.1&PushOptionsFlag=1

2023-10-17 08:47:21 /iclock/cdata?SN=BWNF231460126&options=all&language=73&pushver=2.4.1&PushOptionsFlag=1

2023-10-17 08:47:36 /iclock/cdata?SN=BWNF231460126&options=all&language=73&pushver=2.4.1&PushOptionsFlag=1

2023-10-17 08:47:51 /iclock/cdata?SN=BWNF231460126&options=all&language=73&pushver=2.4.1&PushOptionsFlag=1

2023-10-17 08:48:06 /iclock/cdata?SN=BWNF231460126&options=all&language=73&pushver=2.4.1&PushOptionsFlag=1

2023-10-17 08:48:21 /iclock/cdata?SN=BWNF231460126&options=all&language=73&pushver=2.4.1&PushOptionsFlag=1

2023-10-17 08:48:36 /iclock/cdata?SN=BWNF231460126&options=all&language=73&pushver=2.4.1&PushOptionsFlag=1

2023-10-17 08:48:51 /iclock/cdata?SN=BWNF231460126&options=all&language=73&pushver=2.4.1&PushOptionsFlag=1

2023-10-17 08:49:06 /iclock/cdata?SN=BWNF231460126&options=all&language=73&pushver=2.4.1&PushOptionsFlag=1

2023-10-17 08:49:21 /iclock/cdata?SN=BWNF231460126&options=all&language=73&pushver=2.4.1&PushOptionsFlag=1

2023-10-17 08:49:36 /iclock/cdata?SN=BWNF231460126&options=all&language=73&pushver=2.4.1&PushOptionsFlag=1

2023-10-17 08:49:51 /iclock/cdata?SN=BWNF231460126&options=all&language=73&pushver=2.4.1&PushOptionsFlag=1

2023-10-17 08:50:06 /iclock/cdata?SN=BWNF231460126&options=all&language=73&pushver=2.4.1&PushOptionsFlag=1

2023-10-17 08:50:21 /iclock/cdata?SN=BWNF231460126&options=all&language=73&pushver=2.4.1&PushOptionsFlag=1

2023-10-17 08:50:36 /iclock/cdata?SN=BWNF231460126&options=all&language=73&pushver=2.4.1&PushOptionsFlag=1

2023-10-17 08:50:51 /iclock/cdata?SN=BWNF231460126&options=all&language=73&pushver=2.4.1&PushOptionsFlag=1

2023-10-17 08:51:06 /iclock/cdata?SN=BWNF231460126&options=all&language=73&pushver=2.4.1&PushOptionsFlag=1

2023-10-17 08:51:21 /iclock/cdata?SN=BWNF231460126&options=all&language=73&pushver=2.4.1&PushOptionsFlag=1

2023-10-17 08:51:36 /iclock/cdata?SN=BWNF231460126&options=all&language=73&pushver=2.4.1&PushOptionsFlag=1

2023-10-17 08:51:51 /iclock/cdata?SN=BWNF231460126&options=all&language=73&pushver=2.4.1&PushOptionsFlag=1

2023-10-17 08:52:06 /iclock/cdata?SN=BWNF231460126&options=all&language=73&pushver=2.4.1&PushOptionsFlag=1

2023-10-17 08:52:21 /iclock/cdata?SN=BWNF231460126&options=all&language=73&pushver=2.4.1&PushOptionsFlag=1

2023-10-17 08:52:36 /iclock/cdata?SN=BWNF231460126&options=all&language=73&pushver=2.4.1&PushOptionsFlag=1

2023-10-17 08:52:51 /iclock/cdata?SN=BWNF231460126&options=all&language=73&pushver=2.4.1&PushOptionsFlag=1

2023-10-17 08:53:06 /iclock/cdata?SN=BWNF231460126&options=all&language=73&pushver=2.4.1&PushOptionsFlag=1

2023-10-17 08:53:21 /iclock/cdata?SN=BWNF231460126&options=all&language=73&pushver=2.4.1&PushOptionsFlag=1

2023-10-17 08:53:36 /iclock/cdata?SN=BWNF231460126&options=all&language=73&pushver=2.4.1&PushOptionsFlag=1

2023-10-17 08:53:51 /iclock/cdata?SN=BWNF231460126&options=all&language=73&pushver=2.4.1&PushOptionsFlag=1

2023-10-17 08:54:06 /iclock/cdata?SN=BWNF231460126&options=all&language=73&pushver=2.4.1&PushOptionsFlag=1

2023-10-17 08:54:21 /iclock/cdata?SN=BWNF231460126&options=all&language=73&pushver=2.4.1&PushOptionsFlag=1

2023-10-17 08:54:36 /iclock/cdata?SN=BWNF231460126&options=all&language=73&pushver=2.4.1&PushOptionsFlag=1

2023-10-17 08:54:51 /iclock/cdata?SN=BWNF231460126&options=all&language=73&pushver=2.4.1&PushOptionsFlag=1

2023-10-17 08:55:06 /iclock/cdata?SN=BWNF231460126&options=all&language=73&pushver=2.4.1&PushOptionsFlag=1

2023-10-17 08:55:21 /iclock/cdata?SN=BWNF231460126&options=all&language=73&pushver=2.4.1&PushOptionsFlag=1

2023-10-17 08:55:36 /iclock/cdata?SN=BWNF231460126&options=all&language=73&pushver=2.4.1&PushOptionsFlag=1

2023-10-17 08:55:51 /iclock/cdata?SN=BWNF231460126&options=all&language=73&pushver=2.4.1&PushOptionsFlag=1

2023-10-17 08:56:06 /iclock/cdata?SN=BWNF231460126&options=all&language=73&pushver=2.4.1&PushOptionsFlag=1

2023-10-17 08:56:21 /iclock/cdata?SN=BWNF231460126&options=all&language=73&pushver=2.4.1&PushOptionsFlag=1

2023-10-17 08:56:36 /iclock/cdata?SN=BWNF231460126&options=all&language=73&pushver=2.4.1&PushOptionsFlag=1

2023-10-17 08:56:51 /iclock/cdata?SN=BWNF231460126&options=all&language=73&pushver=2.4.1&PushOptionsFlag=1

2023-10-17 08:57:06 /iclock/cdata?SN=BWNF231460126&options=all&language=73&pushver=2.4.1&PushOptionsFlag=1

2023-10-17 08:57:21 /iclock/cdata?SN=BWNF231460126&options=all&language=73&pushver=2.4.1&PushOptionsFlag=1

2023-10-17 08:57:36 /iclock/cdata?SN=BWNF231460126&options=all&language=73&pushver=2.4.1&PushOptionsFlag=1

2023-10-17 08:57:51 /iclock/cdata?SN=BWNF231460126&options=all&language=73&pushver=2.4.1&PushOptionsFlag=1

2023-10-17 08:58:06 /iclock/cdata?SN=BWNF231460126&options=all&language=73&pushver=2.4.1&PushOptionsFlag=1

2023-10-17 08:58:21 /iclock/cdata?SN=BWNF231460126&options=all&language=73&pushver=2.4.1&PushOptionsFlag=1

2023-10-17 08:58:36 /iclock/cdata?SN=BWNF231460126&options=all&language=73&pushver=2.4.1&PushOptionsFlag=1

2023-10-17 08:58:51 /iclock/cdata?SN=BWNF231460126&options=all&language=73&pushver=2.4.1&PushOptionsFlag=1

2023-10-17 08:59:06 /iclock/cdata?SN=BWNF231460126&options=all&language=73&pushver=2.4.1&PushOptionsFlag=1

2023-10-17 08:59:21 /iclock/cdata?SN=BWNF231460126&options=all&language=73&pushver=2.4.1&PushOptionsFlag=1

2023-10-17 08:59:36 /iclock/cdata?SN=BWNF231460126&options=all&language=73&pushver=2.4.1&PushOptionsFlag=1

2023-10-17 08:59:51 /iclock/cdata?SN=BWNF231460126&options=all&language=73&pushver=2.4.1&PushOptionsFlag=1

2023-10-17 09:00:06 /iclock/cdata?SN=BWNF231460126&options=all&language=73&pushver=2.4.1&PushOptionsFlag=1

2023-10-17 09:00:21 /iclock/cdata?SN=BWNF231460126&options=all&language=73&pushver=2.4.1&PushOptionsFlag=1

2023-10-17 09:00:35 /iclock/cdata?SN=BWNF231460126&options=all&language=73&pushver=2.4.1&PushOptionsFlag=1

2023-10-17 09:00:50 /iclock/cdata?SN=BWNF231460126&options=all&language=73&pushver=2.4.1&PushOptionsFlag=1

2023-10-17 09:01:05 /iclock/cdata?SN=BWNF231460126&options=all&language=73&pushver=2.4.1&PushOptionsFlag=1

2023-10-17 09:01:20 /iclock/cdata?SN=BWNF231460126&options=all&language=73&pushver=2.4.1&PushOptionsFlag=1

2023-10-17 09:01:35 /iclock/cdata?SN=BWNF231460126&options=all&language=73&pushver=2.4.1&PushOptionsFlag=1

2023-10-17 09:01:50 /iclock/cdata?SN=BWNF231460126&options=all&language=73&pushver=2.4.1&PushOptionsFlag=1

2023-10-17 09:02:05 /iclock/cdata?SN=BWNF231460126&options=all&language=73&pushver=2.4.1&PushOptionsFlag=1

2023-10-17 09:02:20 /iclock/cdata?SN=BWNF231460126&options=all&language=73&pushver=2.4.1&PushOptionsFlag=1

2023-10-17 09:02:35 /iclock/cdata?SN=BWNF231460126&options=all&language=73&pushver=2.4.1&PushOptionsFlag=1

2023-10-17 09:02:50 /iclock/cdata?SN=BWNF231460126&options=all&language=73&pushver=2.4.1&PushOptionsFlag=1

2023-10-17 09:03:05 /iclock/cdata?SN=BWNF231460126&options=all&language=73&pushver=2.4.1&PushOptionsFlag=1

2023-10-17 09:03:20 /iclock/cdata?SN=BWNF231460126&options=all&language=73&pushver=2.4.1&PushOptionsFlag=1

2023-10-17 09:03:35 /iclock/cdata?SN=BWNF231460126&options=all&language=73&pushver=2.4.1&PushOptionsFlag=1

2023-10-17 09:03:50 /iclock/cdata?SN=BWNF231460126&options=all&language=73&pushver=2.4.1&PushOptionsFlag=1

2023-10-17 09:04:05 /iclock/cdata?SN=BWNF231460126&options=all&language=73&pushver=2.4.1&PushOptionsFlag=1

2023-10-17 09:04:20 /iclock/cdata?SN=BWNF231460126&options=all&language=73&pushver=2.4.1&PushOptionsFlag=1

2023-10-17 09:04:35 /iclock/cdata?SN=BWNF231460126&options=all&language=73&pushver=2.4.1&PushOptionsFlag=1

2023-10-17 09:04:50 /iclock/cdata?SN=BWNF231460126&options=all&language=73&pushver=2.4.1&PushOptionsFlag=1

2023-10-17 09:05:05 /iclock/cdata?SN=BWNF231460126&options=all&language=73&pushver=2.4.1&PushOptionsFlag=1

2023-10-17 09:05:20 /iclock/cdata?SN=BWNF231460126&options=all&language=73&pushver=2.4.1&PushOptionsFlag=1

2023-10-17 09:05:35 /iclock/cdata?SN=BWNF231460126&options=all&language=73&pushver=2.4.1&PushOptionsFlag=1

2023-10-17 09:05:50 /iclock/cdata?SN=BWNF231460126&options=all&language=73&pushver=2.4.1&PushOptionsFlag=1

2023-10-17 09:06:05 /iclock/cdata?SN=BWNF231460126&options=all&language=73&pushver=2.4.1&PushOptionsFlag=1

2023-10-17 09:06:20 /iclock/cdata?SN=BWNF231460126&options=all&language=73&pushver=2.4.1&PushOptionsFlag=1

2023-10-17 09:06:35 /iclock/cdata?SN=BWNF231460126&options=all&language=73&pushver=2.4.1&PushOptionsFlag=1

2023-10-17 09:06:50 /iclock/cdata?SN=BWNF231460126&options=all&language=73&pushver=2.4.1&PushOptionsFlag=1

2023-10-17 09:07:06 /iclock/cdata?SN=BWNF231460126&options=all&language=73&pushver=2.4.1&PushOptionsFlag=1

2023-10-17 09:07:21 /iclock/cdata?SN=BWNF231460126&options=all&language=73&pushver=2.4.1&PushOptionsFlag=1

2023-10-17 09:07:36 /iclock/cdata?SN=BWNF231460126&options=all&language=73&pushver=2.4.1&PushOptionsFlag=1

2023-10-17 09:07:51 /iclock/cdata?SN=BWNF231460126&options=all&language=73&pushver=2.4.1&PushOptionsFlag=1

2023-10-17 09:08:06 /iclock/cdata?SN=BWNF231460126&options=all&language=73&pushver=2.4.1&PushOptionsFlag=1

2023-10-17 09:08:21 /iclock/cdata?SN=BWNF231460126&options=all&language=73&pushver=2.4.1&PushOptionsFlag=1

2023-10-17 09:08:36 /iclock/cdata?SN=BWNF231460126&options=all&language=73&pushver=2.4.1&PushOptionsFlag=1

2023-10-17 09:08:51 /iclock/cdata?SN=BWNF231460126&options=all&language=73&pushver=2.4.1&PushOptionsFlag=1

2023-10-17 09:09:06 /iclock/cdata?SN=BWNF231460126&options=all&language=73&pushver=2.4.1&PushOptionsFlag=1

2023-10-17 09:09:21 /iclock/cdata?SN=BWNF231460126&options=all&language=73&pushver=2.4.1&PushOptionsFlag=1

2023-10-17 09:09:36 /iclock/cdata?SN=BWNF231460126&options=all&language=73&pushver=2.4.1&PushOptionsFlag=1

2023-10-17 09:09:51 /iclock/cdata?SN=BWNF231460126&options=all&language=73&pushver=2.4.1&PushOptionsFlag=1

2023-10-17 09:10:06 /iclock/cdata?SN=BWNF231460126&options=all&language=73&pushver=2.4.1&PushOptionsFlag=1

2023-10-17 09:10:21 /iclock/cdata?SN=BWNF231460126&options=all&language=73&pushver=2.4.1&PushOptionsFlag=1

2023-10-17 09:10:36 /iclock/cdata?SN=BWNF231460126&options=all&language=73&pushver=2.4.1&PushOptionsFlag=1

2023-10-17 09:10:51 /iclock/cdata?SN=BWNF231460126&options=all&language=73&pushver=2.4.1&PushOptionsFlag=1

2023-10-17 09:11:06 /iclock/cdata?SN=BWNF231460126&options=all&language=73&pushver=2.4.1&PushOptionsFlag=1

2023-10-17 09:11:21 /iclock/cdata?SN=BWNF231460126&options=all&language=73&pushver=2.4.1&PushOptionsFlag=1

2023-10-17 09:11:36 /iclock/cdata?SN=BWNF231460126&options=all&language=73&pushver=2.4.1&PushOptionsFlag=1

2023-10-17 09:11:51 /iclock/cdata?SN=BWNF231460126&options=all&language=73&pushver=2.4.1&PushOptionsFlag=1

2023-10-17 09:12:06 /iclock/cdata?SN=BWNF231460126&options=all&language=73&pushver=2.4.1&PushOptionsFlag=1

2023-10-17 09:12:21 /iclock/cdata?SN=BWNF231460126&options=all&language=73&pushver=2.4.1&PushOptionsFlag=1

2023-10-17 09:12:36 /iclock/cdata?SN=BWNF231460126&options=all&language=73&pushver=2.4.1&PushOptionsFlag=1

2023-10-17 09:12:51 /iclock/cdata?SN=BWNF231460126&options=all&language=73&pushver=2.4.1&PushOptionsFlag=1

2023-10-17 09:13:06 /iclock/cdata?SN=BWNF231460126&options=all&language=73&pushver=2.4.1&PushOptionsFlag=1

2023-10-17 09:13:21 /iclock/cdata?SN=BWNF231460126&options=all&language=73&pushver=2.4.1&PushOptionsFlag=1

2023-10-17 09:13:36 /iclock/cdata?SN=BWNF231460126&options=all&language=73&pushver=2.4.1&PushOptionsFlag=1

2023-10-17 09:13:51 /iclock/cdata?SN=BWNF231460126&options=all&language=73&pushver=2.4.1&PushOptionsFlag=1

2023-10-17 09:14:06 /iclock/cdata?SN=BWNF231460126&options=all&language=73&pushver=2.4.1&PushOptionsFlag=1

2023-10-17 09:14:21 /iclock/cdata?SN=BWNF231460126&options=all&language=73&pushver=2.4.1&PushOptionsFlag=1

2023-10-17 09:14:36 /iclock/cdata?SN=BWNF231460126&options=all&language=73&pushver=2.4.1&PushOptionsFlag=1

2023-10-17 09:14:51 /iclock/cdata?SN=BWNF231460126&options=all&language=73&pushver=2.4.1&PushOptionsFlag=1

2023-10-17 09:15:06 /iclock/cdata?SN=BWNF231460126&options=all&language=73&pushver=2.4.1&PushOptionsFlag=1

2023-10-17 09:15:21 /iclock/cdata?SN=BWNF231460126&options=all&language=73&pushver=2.4.1&PushOptionsFlag=1

2023-10-17 09:15:36 /iclock/cdata?SN=BWNF231460126&options=all&language=73&pushver=2.4.1&PushOptionsFlag=1

2023-10-17 09:15:51 /iclock/cdata?SN=BWNF231460126&options=all&language=73&pushver=2.4.1&PushOptionsFlag=1

2023-10-17 09:16:06 /iclock/cdata?SN=BWNF231460126&options=all&language=73&pushver=2.4.1&PushOptionsFlag=1

2023-10-17 09:16:21 /iclock/cdata?SN=BWNF231460126&options=all&language=73&pushver=2.4.1&PushOptionsFlag=1

2023-10-17 09:16:36 /iclock/cdata?SN=BWNF231460126&options=all&language=73&pushver=2.4.1&PushOptionsFlag=1

2023-10-17 09:16:51 /iclock/cdata?SN=BWNF231460126&options=all&language=73&pushver=2.4.1&PushOptionsFlag=1

2023-10-17 09:17:06 /iclock/cdata?SN=BWNF231460126&options=all&language=73&pushver=2.4.1&PushOptionsFlag=1

2023-10-17 09:17:21 /iclock/cdata?SN=BWNF231460126&options=all&language=73&pushver=2.4.1&PushOptionsFlag=1

2023-10-17 09:17:36 /iclock/cdata?SN=BWNF231460126&options=all&language=73&pushver=2.4.1&PushOptionsFlag=1

2023-10-17 09:17:51 /iclock/cdata?SN=BWNF231460126&options=all&language=73&pushver=2.4.1&PushOptionsFlag=1

2023-10-17 09:18:05 /iclock/cdata?SN=BWNF231460126&options=all&language=73&pushver=2.4.1&PushOptionsFlag=1

2023-10-17 09:18:20 /iclock/cdata?SN=BWNF231460126&options=all&language=73&pushver=2.4.1&PushOptionsFlag=1

2023-10-17 09:18:35 /iclock/cdata?SN=BWNF231460126&options=all&language=73&pushver=2.4.1&PushOptionsFlag=1

2023-10-17 09:18:50 /iclock/cdata?SN=BWNF231460126&options=all&language=73&pushver=2.4.1&PushOptionsFlag=1

2023-10-17 09:19:05 /iclock/cdata?SN=BWNF231460126&options=all&language=73&pushver=2.4.1&PushOptionsFlag=1

2023-10-17 09:19:20 /iclock/cdata?SN=BWNF231460126&options=all&language=73&pushver=2.4.1&PushOptionsFlag=1

2023-10-17 09:19:35 /iclock/cdata?SN=BWNF231460126&options=all&language=73&pushver=2.4.1&PushOptionsFlag=1

2023-10-17 09:19:50 /iclock/cdata?SN=BWNF231460126&options=all&language=73&pushver=2.4.1&PushOptionsFlag=1

2023-10-17 09:20:05 /iclock/cdata?SN=BWNF231460126&options=all&language=73&pushver=2.4.1&PushOptionsFlag=1

2023-10-17 09:20:20 /iclock/cdata?SN=BWNF231460126&options=all&language=73&pushver=2.4.1&PushOptionsFlag=1

2023-10-17 09:20:35 /iclock/cdata?SN=BWNF231460126&options=all&language=73&pushver=2.4.1&PushOptionsFlag=1

2023-10-17 09:20:50 /iclock/cdata?SN=BWNF231460126&options=all&language=73&pushver=2.4.1&PushOptionsFlag=1

2023-10-17 09:21:05 /iclock/cdata?SN=BWNF231460126&options=all&language=73&pushver=2.4.1&PushOptionsFlag=1

2023-10-17 09:21:20 /iclock/cdata?SN=BWNF231460126&options=all&language=73&pushver=2.4.1&PushOptionsFlag=1

2023-10-17 09:21:35 /iclock/cdata?SN=BWNF231460126&options=all&language=73&pushver=2.4.1&PushOptionsFlag=1

2023-10-17 09:21:50 /iclock/cdata?SN=BWNF231460126&options=all&language=73&pushver=2.4.1&PushOptionsFlag=1

2023-10-17 09:22:05 /iclock/cdata?SN=BWNF231460126&options=all&language=73&pushver=2.4.1&PushOptionsFlag=1

2023-10-17 09:22:20 /iclock/cdata?SN=BWNF231460126&options=all&language=73&pushver=2.4.1&PushOptionsFlag=1

2023-10-17 09:22:35 /iclock/cdata?SN=BWNF231460126&options=all&language=73&pushver=2.4.1&PushOptionsFlag=1

2023-10-17 09:22:50 /iclock/cdata?SN=BWNF231460126&options=all&language=73&pushver=2.4.1&PushOptionsFlag=1

2023-10-17 09:23:05 /iclock/cdata?SN=BWNF231460126&options=all&language=73&pushver=2.4.1&PushOptionsFlag=1

2023-10-17 09:23:20 /iclock/cdata?SN=BWNF231460126&options=all&language=73&pushver=2.4.1&PushOptionsFlag=1

2023-10-17 09:23:35 /iclock/cdata?SN=BWNF231460126&options=all&language=73&pushver=2.4.1&PushOptionsFlag=1

2023-10-17 09:23:50 /iclock/cdata?SN=BWNF231460126&options=all&language=73&pushver=2.4.1&PushOptionsFlag=1

2023-10-17 09:24:05 /iclock/cdata?SN=BWNF231460126&options=all&language=73&pushver=2.4.1&PushOptionsFlag=1

2023-10-17 09:24:20 /iclock/cdata?SN=BWNF231460126&options=all&language=73&pushver=2.4.1&PushOptionsFlag=1

2023-10-17 09:24:35 /iclock/cdata?SN=BWNF231460126&options=all&language=73&pushver=2.4.1&PushOptionsFlag=1

2023-10-17 09:24:50 /iclock/cdata?SN=BWNF231460126&options=all&language=73&pushver=2.4.1&PushOptionsFlag=1

2023-10-17 09:25:05 /iclock/cdata?SN=BWNF231460126&options=all&language=73&pushver=2.4.1&PushOptionsFlag=1

2023-10-17 09:25:20 /iclock/cdata?SN=BWNF231460126&options=all&language=73&pushver=2.4.1&PushOptionsFlag=1

2023-10-17 09:25:35 /iclock/cdata?SN=BWNF231460126&options=all&language=73&pushver=2.4.1&PushOptionsFlag=1

2023-10-17 09:25:50 /iclock/cdata?SN=BWNF231460126&options=all&language=73&pushver=2.4.1&PushOptionsFlag=1

2023-10-17 09:26:05 /iclock/cdata?SN=BWNF231460126&options=all&language=73&pushver=2.4.1&PushOptionsFlag=1

2023-10-17 09:26:20 /iclock/cdata?SN=BWNF231460126&options=all&language=73&pushver=2.4.1&PushOptionsFlag=1

2023-10-17 09:26:35 /iclock/cdata?SN=BWNF231460126&options=all&language=73&pushver=2.4.1&PushOptionsFlag=1

2023-10-17 09:26:50 /iclock/cdata?SN=BWNF231460126&options=all&language=73&pushver=2.4.1&PushOptionsFlag=1

2023-10-17 09:27:05 /iclock/cdata?SN=BWNF231460126&options=all&language=73&pushver=2.4.1&PushOptionsFlag=1

2023-10-17 09:27:20 /iclock/cdata?SN=BWNF231460126&options=all&language=73&pushver=2.4.1&PushOptionsFlag=1

2023-10-17 09:27:35 /iclock/cdata?SN=BWNF231460126&options=all&language=73&pushver=2.4.1&PushOptionsFlag=1

2023-10-17 09:27:50 /iclock/cdata?SN=BWNF231460126&options=all&language=73&pushver=2.4.1&PushOptionsFlag=1

2023-10-17 09:28:05 /iclock/cdata?SN=BWNF231460126&options=all&language=73&pushver=2.4.1&PushOptionsFlag=1

2023-10-17 09:28:20 /iclock/cdata?SN=BWNF231460126&options=all&language=73&pushver=2.4.1&PushOptionsFlag=1

2023-10-17 09:28:35 /iclock/cdata?SN=BWNF231460126&options=all&language=73&pushver=2.4.1&PushOptionsFlag=1

2023-10-17 09:28:50 /iclock/cdata?SN=BWNF231460126&options=all&language=73&pushver=2.4.1&PushOptionsFlag=1

2023-10-17 09:29:05 /iclock/cdata?SN=BWNF231460126&options=all&language=73&pushver=2.4.1&PushOptionsFlag=1

2023-10-17 09:29:20 /iclock/cdata?SN=BWNF231460126&options=all&language=73&pushver=2.4.1&PushOptionsFlag=1

2023-10-17 09:29:35 /iclock/cdata?SN=BWNF231460126&options=all&language=73&pushver=2.4.1&PushOptionsFlag=1

2023-10-17 09:29:50 /iclock/cdata?SN=BWNF231460126&options=all&language=73&pushver=2.4.1&PushOptionsFlag=1

2023-10-17 09:30:05 /iclock/cdata?SN=BWNF231460126&options=all&language=73&pushver=2.4.1&PushOptionsFlag=1

2023-10-17 09:30:20 /iclock/cdata?SN=BWNF231460126&options=all&language=73&pushver=2.4.1&PushOptionsFlag=1

2023-10-17 09:30:35 /iclock/cdata?SN=BWNF231460126&options=all&language=73&pushver=2.4.1&PushOptionsFlag=1

2023-10-17 09:30:50 /iclock/cdata?SN=BWNF231460126&options=all&language=73&pushver=2.4.1&PushOptionsFlag=1

2023-10-17 09:31:05 /iclock/cdata?SN=BWNF231460126&options=all&language=73&pushver=2.4.1&PushOptionsFlag=1

2023-10-17 09:31:20 /iclock/cdata?SN=BWNF231460126&options=all&language=73&pushver=2.4.1&PushOptionsFlag=1

2023-10-17 09:31:35 /iclock/cdata?SN=BWNF231460126&options=all&language=73&pushver=2.4.1&PushOptionsFlag=1

2023-10-17 09:31:50 /iclock/cdata?SN=BWNF231460126&options=all&language=73&pushver=2.4.1&PushOptionsFlag=1

2023-10-17 09:32:05 /iclock/cdata?SN=BWNF231460126&options=all&language=73&pushver=2.4.1&PushOptionsFlag=1

2023-10-17 09:32:20 /iclock/cdata?SN=BWNF231460126&options=all&language=73&pushver=2.4.1&PushOptionsFlag=1

2023-10-17 09:32:35 /iclock/cdata?SN=BWNF231460126&options=all&language=73&pushver=2.4.1&PushOptionsFlag=1

2023-10-17 09:32:50 /iclock/cdata?SN=BWNF231460126&options=all&language=73&pushver=2.4.1&PushOptionsFlag=1

2023-10-17 09:33:05 /iclock/cdata?SN=BWNF231460126&options=all&language=73&pushver=2.4.1&PushOptionsFlag=1

2023-10-17 09:33:20 /iclock/cdata?SN=BWNF231460126&options=all&language=73&pushver=2.4.1&PushOptionsFlag=1

2023-10-17 09:33:35 /iclock/cdata?SN=BWNF231460126&options=all&language=73&pushver=2.4.1&PushOptionsFlag=1

2023-10-17 09:33:50 /iclock/cdata?SN=BWNF231460126&options=all&language=73&pushver=2.4.1&PushOptionsFlag=1

2023-10-17 09:34:05 /iclock/cdata?SN=BWNF231460126&options=all&language=73&pushver=2.4.1&PushOptionsFlag=1

2023-10-17 09:34:20 /iclock/cdata?SN=BWNF231460126&options=all&language=73&pushver=2.4.1&PushOptionsFlag=1

2023-10-17 09:34:35 /iclock/cdata?SN=BWNF231460126&options=all&language=73&pushver=2.4.1&PushOptionsFlag=1

2023-10-17 09:34:50 /iclock/cdata?SN=BWNF231460126&options=all&language=73&pushver=2.4.1&PushOptionsFlag=1

2023-10-17 09:35:05 /iclock/cdata?SN=BWNF231460126&options=all&language=73&pushver=2.4.1&PushOptionsFlag=1

2023-10-17 09:35:20 /iclock/cdata?SN=BWNF231460126&options=all&language=73&pushver=2.4.1&PushOptionsFlag=1

2023-10-17 09:35:35 /iclock/cdata?SN=BWNF231460126&options=all&language=73&pushver=2.4.1&PushOptionsFlag=1

2023-10-17 09:35:50 /iclock/cdata?SN=BWNF231460126&options=all&language=73&pushver=2.4.1&PushOptionsFlag=1

